Iteration	Posterior	Likelihood	Prior	rate_log_sd	rate_neo	tree_length
0	-5887.643	-6062.835	175.1918	1.207465	0.306912	4.511752
6	-5879.896	-6053.694	173.7986	1.169647	0.306912	5.308587
12	-5889.531	-6062.724	173.1931	1.089357	0.2848477	5.714262
18	-5899.504	-6074.171	174.6669	1.196515	0.2332082	4.914498
24	-5894.412	-6070.501	176.0889	1.291288	0.2950743	3.971256
30	-5893.961	-6067.928	173.9677	1.146746	0.2504353	5.304159
36	-5904.583	-6078.464	173.8807	1.146746	0.2851521	5.304159
42	-5900.287	-6074.543	174.2562	1.092465	0.2680963	5.14968
48	-5897.693	-6070.819	173.1259	0.9674457	0.2837022	5.819316
54	-5895.549	-6069.113	173.5643	1.027333	0.2337603	5.616403
60	-5900.165	-6072.806	172.6415	0.9442308	0.3082918	6.06487
66	-5901.572	-6074.948	173.3765	1.024655	0.3006291	5.628692
72	-5895.608	-6068.149	172.5414	1.048951	0.2853318	6.091727
78	-5890.743	-6064.491	173.7475	0.9693775	0.2489208	5.525321
84	-5885.525	-6058.76	173.2347	1.064837	0.2489208	5.754302
90	-5887.728	-6060.43	172.7021	0.9751411	0.2489208	6.094144
96	-5892.08	-6064.006	171.926	1.002825	0.2926786	6.441606
102	-5884.9	-6058.043	173.1433	1.023488	0.2460122	5.831153
108	-5884.822	-6056.681	171.8589	1.018385	0.2531344	6.522634
114	-5878.283	-6052.065	173.7814	0.9601015	0.3172614	5.420693
120	-5875.077	-6049.011	173.9337	0.9577589	0.2946727	5.366654
126	-5880.97	-6053.42	172.4493	1.085051	0.2508299	6.169212
132	-5879.686	-6051.502	171.8165	0.8921832	0.2425224	6.628928
138	-5887.568	-6058.219	170.6517	0.9290683	0.312879	7.143987
144	-5889.031	-6062.893	173.8623	1.096767	0.2948524	5.329154
150	-5873.816	-6048.097	174.2814	1.006412	0.259265	5.195765
156	-5878.62	-6052.573	173.9532	1.00053	0.2675523	5.368644
162	-5879.269	-6051.972	172.7022	0.946924	0.2866348	6.058004
168	-5884.988	-6058.036	173.0479	1.032519	0.2143932	5.92587
174	-5891.961	-6067.619	175.658	1.232589	0.2442554	4.321807
180	-5880.12	-6055.397	175.2777	1.169713	0.2795313	4.521103
186	-5878.162	-6052.635	174.4726	1.175479	0.2682862	4.983351
192	-5873.958	-6049.768	175.8097	1.202437	0.2242981	4.283734
198	-5879.272	-6054.218	174.9453	1.114059	0.287197	4.728291
204	-5876.546	-6051.491	174.9453	1.114059	0.287197	4.728291
210	-5879.828	-6053.239	173.4113	1.041231	0.2317028	5.695785
216	-5876.238	-6049.48	173.2422	1.041231	0.2986405	5.695785
222	-5864.081	-6037.929	173.8478	0.9972039	0.2182408	5.500874
228	-5867.359	-6041.381	174.0227	1.101637	0.2568127	5.289588
234	-5866.236	-6041.84	175.6039	1.142459	0.3165411	4.303664
240	-5892.456	-6067.027	174.5713	1.061425	0.3140139	4.931427
246	-5890.033	-6062.892	172.8587	1.061425	0.2494854	5.960935
252	-5877.05	-6049.299	172.2496	0.9733056	0.2656079	6.317923
258	-5870.871	-6043.599	172.728	0.9733056	0.2782631	6.040574
264	-5883.532	-6055.357	171.825	0.9670567	0.2876818	6.522167
270	-5881.891	-6055.106	173.2142	0.9512984	0.2544078	5.819849
276	-5878.864	-6052.79	173.9262	1.111002	0.2495465	5.34808
282	-5896.947	-6073.274	176.3269	1.277502	0.2557525	3.898281
288	-5890.669	-6066.789	176.1196	1.248128	0.2043171	4.114455
294	-5888.924	-6062.85	173.9263	1.086364	0.2680732	5.335451
300	-5885.409	-6058.4	172.9915	0.9480183	0.3000595	5.882214
306	-5890.027	-6064.82	174.7927	1.151989	0.2354461	4.865824
312	-5895.771	-6067.325	171.5542	0.9364592	0.3091112	6.65812
318	-5888.001	-6060.392	172.391	0.928831	0.2885851	6.234662
324	-5890.015	-6062.859	172.844	1.047303	0.2487034	5.977798
330	-5897.29	-6069.014	171.7244	1.015465	0.2474545	6.605032
336	-5890.778	-6064.544	173.7665	1.079803	0.251657	5.450226
342	-5877.048	-6050.644	173.5962	1.003363	0.2814184	5.544815
348	-5885.01	-6057.909	172.8988	1.054099	0.2420146	5.953809
354	-5897.674	-6071.469	173.7949	1.121142	0.2917729	5.35691
360	-5879.943	-6052.671	172.728	1.004646	0.2951847	6.001357
366	-5878.152	-6052.097	173.9456	1.004646	0.2659798	5.372771
372	-5879.618	-6051.833	172.215	0.9516261	0.2412596	6.382734
378	-5893.651	-6065.951	172.2998	0.9721117	0.2952674	6.252086
384	-5907.178	-6079.76	172.5827	0.9834139	0.2705309	6.124601
390	-5893.252	-6067.681	174.4291	1.173069	0.2025234	5.108064
396	-5890.443	-6065.929	175.4861	1.157998	0.1952795	4.538879
402	-5897.875	-6073.51	175.635	1.292046	0.177776	4.410257
408	-5899.81	-6074.63	174.8197	1.15352	0.2042135	4.899169
414	-5885.919	-6060.254	174.3353	1.100563	0.2358929	5.147833
420	-5883.236	-6057.507	174.2707	1.08887	0.3025222	5.097764
426	-5888.45	-6062.219	173.7686	1.030911	0.20934	5.539964
432	-5893.978	-6066.246	172.2685	0.9263801	0.2398685	6.369449
438	-5888.775	-6059.923	171.1472	0.9592124	0.2892523	6.890589
444	-5884.626	-6059.346	174.7199	1.097247	0.2244032	4.953747
450	-5887.819	-6059.41	171.5908	0.9740805	0.231917	6.722125
456	-5896.544	-6068.081	171.5376	1.081654	0.2125713	6.722125
462	-5881.079	-6053.943	172.8637	1.007373	0.3016484	5.917577
468	-5879.005	-6052.555	173.5499	1.104076	0.3124058	5.474905
474	-5879.036	-6053.524	174.4878	1.066866	0.2689946	5.034258
480	-5885.87	-6060.513	174.6432	1.092477	0.2257995	4.996865
486	-5885.916	-6060.127	174.2111	1.079748	0.2438411	5.216296
492	-5880.464	-6051.312	170.8481	0.959751	0.2837051	7.058577
498	-5880.749	-6054.121	173.3719	1.000964	0.2546287	5.706025
504	-5880.985	-6054.718	173.7336	1.086214	0.2876045	5.415383
510	-5881.926	-6055.11	173.1839	1.086426	0.3206114	5.67545
516	-5879.399	-6054.406	175.0062	1.159896	0.2169496	4.771001
522	-5878.714	-6053.44	174.7252	1.078266	0.2856821	4.873122
528	-5883.591	-6056.618	173.0268	1.008054	0.2324333	5.923157
534	-5883.334	-6056.595	173.2614	1.008054	0.2326629	5.7946
540	-5887.849	-6061.584	173.7349	1.077957	0.2604142	5.456221
546	-5890.67	-6064.493	173.8233	1.131589	0.2738554	5.359376
552	-5876.708	-6050.291	173.5832	1.04647	0.2738554	5.538434
558	-5871.027	-6045.388	174.3606	1.020222	0.2450602	5.164718
564	-5876.719	-6050.869	174.1498	1.011251	0.1861291	5.379406
570	-5877.715	-6051.534	173.8191	0.9999393	0.1974623	5.548567
576	-5878.269	-6052.42	174.1503	1.029968	0.1974623	5.349673
582	-5869.843	-6043.44	173.5973	0.9813829	0.239072	5.615591
588	-5878.651	-6051.704	173.0535	0.9833429	0.2176712	5.944569
594	-5877.869	-6050.486	172.6172	0.9956321	0.2284946	6.159115
600	-5890.126	-6063.515	173.389	0.9947585	0.2218946	5.748366
606	-5881.933	-6053.597	171.6641	0.9947585	0.2430123	6.65518
612	-5893.571	-6066.667	173.0961	1.038917	0.2180963	5.890267
618	-5882.768	-6056.627	173.8582	1.103908	0.240426	5.402788
624	-5879.902	-6053.85	173.9482	1.134617	0.1978377	5.402788
630	-5883.726	-6057.722	173.9959	1.145001	0.2738967	5.256633
636	-5889.45	-6063.495	174.0443	1.096651	0.2738967	5.256633
642	-5881.716	-6056.03	174.3141	1.178006	0.2364264	5.115853
648	-5893.355	-6064.697	171.3419	1.004506	0.3589016	6.677557
654	-5883.602	-6058.031	174.4294	1.0824	0.2047085	5.154562
660	-5881.566	-6055.675	174.1088	1.027752	0.3574444	5.154562
666	-5882.257	-6057.451	175.1944	1.098549	0.24647	4.65481
672	-5881.256	-6057.032	175.7759	1.145454	0.2526932	4.291894
678	-5878.528	-6051.931	173.4026	1.09219	0.2375426	5.663907
684	-5888.714	-6061.688	172.9742	0.9865043	0.283053	5.892691
690	-5878.453	-6050.615	172.1628	1.049877	0.2920274	6.288448
696	-5881.321	-6054.877	173.5556	1.011426	0.2424694	5.61704
702	-5885.985	-6059.413	173.4278	1.036284	0.1895576	5.75644
708	-5877.118	-6050.417	173.2992	1.066095	0.2094016	5.778005
714	-5875.075	-6049.072	173.9971	1.003979	0.3010931	5.297926
720	-5876.855	-6051.572	174.7171	1.184111	0.2848663	4.819737
726	-5874.725	-6048.861	174.1361	1.131303	0.2320589	5.246817
732	-5878.113	-6051.739	173.6257	1.107359	0.3356623	5.402949
738	-5886.987	-6060.318	173.3311	1.105505	0.3356623	5.566056
744	-5887.941	-6063.77	175.8296	1.179598	0.2799322	4.203311
750	-5899.074	-6071.895	172.8205	0.9441878	0.234509	6.06748
756	-5895.886	-6070.832	174.9457	1.148721	0.220896	4.80478
762	-5896.567	-6071.761	175.1945	1.148721	0.2404312	4.635653
768	-5889.772	-6064.198	174.4251	1.148721	0.2382461	5.067842
774	-5892.599	-6067.927	175.3282	1.175975	0.3336674	4.419038
780	-5892.48	-6065.53	173.0506	1.315224	0.3833084	5.550701
786	-5878.819	-6053.768	174.9485	1.248228	0.2422554	4.714898
792	-5869.515	-6041.905	172.3893	0.9306166	0.2906762	6.231894
798	-5876.806	-6048.555	171.7495	0.942372	0.2567547	6.617894
804	-5879.287	-6054.074	174.7866	1.076527	0.2443523	4.897986
810	-5879.466	-6053.794	174.3282	1.090971	0.2221326	5.178054
816	-5877.277	-6050.583	173.306	1.057685	0.2465413	5.722631
822	-5894.617	-6067.571	172.9542	0.9589514	0.2319124	5.990384
828	-5885.842	-6057.263	171.4214	0.9536572	0.2302025	6.827154
834	-5886.374	-6059.658	173.2841	1.050666	0.2861059	5.683952
840	-5883.294	-6056.841	173.5469	0.9777937	0.3005002	5.561015
846	-5875.221	-6048.688	173.4671	1.096775	0.3106139	5.526708
852	-5870.184	-6044.409	174.2246	1.058225	0.2245883	5.249648
858	-5870.615	-6043.391	172.7756	0.9702321	0.2595992	6.041745
864	-5876.403	-6049.362	172.9592	0.9702321	0.2459856	5.960852
870	-5882.576	-6057.271	174.6956	1.157746	0.196925	4.977943
876	-5874.906	-6050.25	175.3439	1.169473	0.2178995	4.575065
882	-5875.878	-6049.795	173.9169	1.194679	0.2449214	5.313766
888	-5880.269	-6055.078	174.8096	1.174922	0.2843293	4.773952
894	-5883.154	-6056.827	173.6728	1.011347	0.246669	5.546606
900	-5883.516	-6057.617	174.1013	1.026483	0.2583503	5.285514
906	-5883.805	-6058.067	174.2614	1.018623	0.2583503	5.201354
912	-5883.895	-6058.399	174.504	1.101019	0.2770466	4.995199
918	-5879.324	-6053.736	174.4118	1.153913	0.2608756	5.039478
924	-5886.104	-6062.053	175.9481	1.175797	0.2790815	4.139289
930	-5887.509	-6062.388	174.8792	1.256256	0.1758159	4.857493
936	-5888.498	-6063.274	174.775	1.143068	0.2510848	4.857493
942	-5890.106	-6063.59	173.4834	1.02864	0.2519476	5.633507
948	-5897.725	-6071.341	173.6152	1.02864	0.204317	5.633507
954	-5875.682	-6050.207	174.5245	1.034104	0.2319583	5.085745
960	-5867.205	-6041.865	174.6607	1.111091	0.2388776	4.956947
966	-5870.846	-6045.264	174.4177	1.073729	0.2467279	5.100992
972	-5871.102	-6044.883	173.7814	1.073519	0.2098311	5.508719
978	-5880.272	-6054.477	174.2057	1.031741	0.2364234	5.256791
984	-5880.044	-6053.616	173.5717	1.063211	0.2783644	5.529444
990	-5873.782	-6046.909	173.1269	1.036269	0.2372351	5.845916
996	-5872.432	-6044.523	172.0913	0.9805066	0.2485679	6.423651
1002	-5875.165	-6047.627	172.4624	0.9702102	0.3387189	6.111468
1008	-5881.811	-6053.952	172.1404	0.9600222	0.3320798	6.299981
1014	-5879.773	-6052.335	172.5625	0.9568811	0.235006	6.200251
1020	-5879.686	-6053.911	174.2251	1.03742	0.2259198	5.258826
1026	-5877.505	-6051.505	174.0008	1.03742	0.2119617	5.404451
1032	-5883.151	-6056.888	173.7368	1.083458	0.2603589	5.452237
1038	-5879.877	-6054.129	174.2521	1.077395	0.204469	5.255778
1044	-5880.113	-6055.048	174.935	0.995462	0.2562047	4.843215
1050	-5878.477	-6052.362	173.8858	1.047148	0.222508	5.445861
1056	-5882.021	-6055.842	173.8214	1.047148	0.2461995	5.445861
1062	-5878.692	-6052.889	174.1975	1.115741	0.2760841	5.158362
1068	-5887.41	-6062.724	175.3139	1.12307	0.2751092	4.533102
1074	-5890.087	-6063.726	173.639	1.140112	0.2544153	5.483281
1080	-5882.955	-6056.606	173.6505	1.08166	0.2309106	5.543508
1086	-5887.064	-6059.696	172.6318	0.9771674	0.3302674	6.025391
1092	-5885.97	-6058.461	172.4915	0.9743819	0.2474271	6.211312
1098	-5895.992	-6068.43	172.4381	0.9507915	0.2571081	6.239493
1104	-5893.618	-6066.5	172.8822	1.029575	0.2556385	5.956745
1110	-5887.426	-6061.756	174.3305	1.041838	0.2974902	5.097189
1116	-5888.558	-6062.901	174.3433	1.014523	0.2896849	5.115415
1122	-5879.639	-6052.643	173.0039	0.9652993	0.218497	5.980224
1128	-5888.523	-6061.355	172.8319	1.032654	0.2572667	5.980224
1134	-5891.798	-6063.74	171.9415	0.8882569	0.3670692	6.406801
1140	-5891.629	-6065.913	174.2839	1.047528	0.2909829	5.128337
1146	-5886.884	-6060.703	173.819	0.9730079	0.3094255	5.402636
1152	-5889.465	-6061.584	172.1186	0.8174723	0.2540333	6.489508
1158	-5889.931	-6062.23	172.2997	0.9180372	0.2540036	6.336826
1164	-5896.278	-6070.488	174.2099	1.110525	0.2511335	5.189317
1170	-5897.258	-6069.589	172.3304	0.9831572	0.282578	6.245946
1176	-5900.082	-6072.784	172.7025	1.08339	0.2107995	6.092142
1182	-5886.367	-6060.123	173.7559	0.988249	0.2143181	5.562503
1188	-5886.828	-6060.669	173.8411	1.01989	0.2056037	5.512152
1194	-5890.22	-6061.204	170.984	0.905487	0.3137406	6.976832
1200	-5899.149	-6074.578	175.4287	1.190472	0.3174676	4.374361
1206	-5895.195	-6069.65	174.4556	1.092263	0.2239595	5.103985
1212	-5896.823	-6068.724	171.9004	1.063047	0.3415109	6.363258
1218	-5893.069	-6067.051	173.9819	1.000811	0.2334725	5.401765
1224	-5884.169	-6057.16	172.9906	1.000811	0.3033451	5.849648
1230	-5892.504	-6068.112	175.6081	1.269156	0.2213255	4.364752
1236	-5877.309	-6052.775	175.4661	1.283606	0.2695068	4.364752
1242	-5879.174	-6054.106	174.9315	1.186405	0.2084991	4.811488
1248	-5879.492	-6054.274	174.7827	1.115122	0.2924799	4.811488
1254	-5868.426	-6043.042	174.6163	1.085354	0.2821747	4.934524
1260	-5871.27	-6045.018	173.7481	1.109456	0.2638558	5.426779
1266	-5873.75	-6048.572	174.8227	1.208023	0.2055483	4.864929
1272	-5878.823	-6053.562	174.7387	1.170242	0.2431248	4.874269
1278	-5871.099	-6046.137	175.0381	1.154642	0.2531443	4.701114
1284	-5867.185	-6041.516	174.3304	1.154642	0.2348326	5.122146
1290	-5870.186	-6043.719	173.5325	1.026907	0.2813101	5.567026
1296	-5875.089	-6048.983	173.8943	1.024148	0.2565242	5.403526
1302	-5875.069	-6045.383	170.3133	0.8806238	0.2911301	7.378834
1308	-5879.616	-6050.692	171.0764	0.8806238	0.3565192	6.890412
1314	-5882.59	-6056.011	173.4207	0.8856441	0.3383292	5.634406
1320	-5886.983	-6059.255	172.2718	0.9156883	0.2768229	6.322053
1326	-5888.71	-6062.31	173.5995	1.031789	0.2649293	5.549778
1332	-5889.22	-6062.053	172.8332	0.9387777	0.2236897	6.079725
1338	-5883.033	-6055.888	172.8554	1.069971	0.2236897	5.996111
1344	-5878.22	-6053.873	175.6527	1.195701	0.2236897	4.377251
1350	-5872.827	-6047.642	174.815	1.198933	0.2269231	4.840301
1356	-5875.883	-6049.717	173.8344	1.078469	0.2281988	5.448174
1362	-5872.329	-6046.147	173.8183	1.078469	0.2281988	5.457044
1368	-5870.768	-6043.7	172.9314	1.086748	0.2341382	5.929794
1374	-5865.939	-6040.059	174.1193	1.086748	0.2130981	5.310044
1380	-5871.367	-6045.755	174.388	1.104861	0.2975058	5.030305
1386	-5882.636	-6057.312	174.6758	1.104861	0.2787023	4.895245
1392	-5872.703	-6045.184	172.4811	0.9587648	0.2744896	6.18798
1398	-5876.43	-6049.654	173.2246	1.089667	0.20816	5.807933
1404	-5897.932	-6071.947	174.0157	0.9803151	0.2566559	5.360603
1410	-5885.478	-6061.262	175.7836	1.315879	0.2066581	4.262882
1416	-5889.724	-6067.061	177.3372	1.286135	0.2586461	3.302144
1422	-5881.228	-6056.597	175.3694	1.18266	0.2684376	4.477674
1428	-5891.198	-6065.623	174.4247	1.04051	0.1916848	5.201995
1434	-5893.495	-6067.819	174.324	1.127267	0.1645266	5.257673
1440	-5895.28	-6068.45	173.1698	1.023226	0.2205968	5.854699
1446	-5892.069	-6065.369	173.3003	0.9515667	0.2410602	5.791785
1452	-5892.538	-6066.034	173.4962	1.129554	0.2822567	5.529259
1458	-5885.095	-6058.448	173.3534	1.034834	0.2456003	5.710546
1464	-5878.239	-6052.752	174.5126	1.058784	0.2329413	5.077145
1470	-5885.671	-6060.097	174.4258	1.145593	0.2329413	5.077145
1476	-5886.128	-6058.441	172.313	0.9500938	0.2951486	6.257029
1482	-5898.457	-6070.01	171.5532	1.007692	0.25509	6.691025
1488	-5906.591	-6079.886	173.2946	1.018523	0.2559071	5.736924
1494	-5885.132	-6057.947	172.8143	0.9475888	0.2535243	6.041499
1500	-5886.568	-6059.184	172.6161	1.019139	0.3053944	6.041499
1506	-5883.998	-6056.505	172.5067	0.9632404	0.1966619	6.286764
1512	-5881.101	-6055.259	174.1582	1.107314	0.218663	5.268423
1518	-5891.532	-6064.291	172.7587	1.065566	0.2707888	5.983558
1524	-5895.453	-6070.135	174.6826	1.079905	0.1814603	5.054921
1530	-5887.231	-6061.682	174.4506	1.167505	0.2176633	5.074849
1536	-5886.435	-6061.751	175.316	1.220603	0.2337496	4.537231
1542	-5902.802	-6076.677	173.8742	1.001914	0.2559785	5.427625
1548	-5908.038	-6081.079	173.0406	1.045335	0.2590382	5.856877
1554	-5893.449	-6068.968	175.5192	1.163282	0.2343827	4.454183
1560	-5893.754	-6068.843	175.0889	1.143065	0.1985715	4.764244
1566	-5891.498	-6066.104	174.6059	1.108294	0.2612174	4.956496
1572	-5890.511	-6063.525	173.0146	1.1417	0.2725357	5.799797
1578	-5883.225	-6058.586	175.3608	1.176569	0.2070298	4.579188
1584	-5886.021	-6061.252	175.2313	1.133543	0.2093548	4.672074
1590	-5895.657	-6070.184	174.5268	1.071067	0.2652516	5.015488
1596	-5891.517	-6064.919	173.4024	1.071067	0.317352	5.568002
1602	-5879.705	-6052.931	173.2257	1.025568	0.2761241	5.742964
1608	-5878.911	-6052.215	173.3044	1.050354	0.2274491	5.75574
1614	-5881.585	-6055.53	173.9455	1.059248	0.2194251	5.411114
1620	-5887.56	-6061.646	174.0851	1.061777	0.2561318	5.278104
1626	-5895.716	-6070.013	174.2973	1.02352	0.193865	5.278104
1632	-5891.61	-6065.654	174.0436	1.055203	0.2754638	5.277796
1638	-5895.267	-6070.471	175.2039	1.106054	0.249245	4.641176
1644	-5882.125	-6056.538	174.4128	1.103604	0.257978	5.070918
1650	-5891.054	-6063.388	172.3343	0.9890103	0.2404494	6.298888
1656	-5891.27	-6064.82	173.5502	0.9870947	0.2800613	5.58083
1662	-5892.757	-6065.481	172.7242	1.039069	0.3118753	5.963622
1668	-5896.168	-6069.063	172.8952	1.065918	0.3118753	5.855539
1674	-5880.402	-6054.67	174.2678	1.02778	0.2320258	5.231269
1680	-5877.602	-6051.648	174.0456	1.089617	0.1965289	5.376097
1686	-5882.601	-6055.984	173.384	1.006241	0.2811887	5.660045
1692	-5885.669	-6058.935	173.2654	0.9826057	0.2359971	5.801376
1698	-5891.419	-6064.574	173.155	0.9366227	0.2851605	5.818316
1704	-5888.311	-6061.499	173.1873	0.89954	0.3071252	5.792679
1710	-5883.43	-6058.252	174.8225	1.167059	0.2300826	4.84899
1716	-5883.806	-6057.987	174.1811	1.097761	0.2761904	5.177213
1722	-5887.852	-6059.465	171.6124	1.029328	0.2839787	6.608372
1728	-5878.09	-6051.015	172.9256	0.9641827	0.2592781	5.963676
1734	-5880.774	-6053.682	172.9079	0.898501	0.2932226	5.963676
1740	-5884.718	-6058.226	173.5079	1.047841	0.2957754	5.550027
1746	-5882.07	-6054.999	172.9293	1.027804	0.3147572	5.854158
1752	-5877.097	-6050.89	173.7933	1.021842	0.2619479	5.452816
1758	-5881.325	-6056.056	174.7307	1.151873	0.2542422	4.872752
1764	-5883.494	-6058.438	174.9439	1.151873	0.1796778	4.872752
1770	-5879.308	-6054.088	174.7798	1.207021	0.20641	4.887978
1776	-5881.026	-6056.458	175.4321	1.195224	0.2460911	4.467609
1782	-5879.854	-6051.929	172.0757	1.097321	0.1889296	6.460664
1788	-5875.612	-6049.459	173.8469	1.085606	0.1675859	5.537919
1794	-5879.914	-6053.663	173.7487	0.9723377	0.2387562	5.537919
1800	-5882.885	-6057.061	174.176	1.097755	0.2673408	5.192188
1806	-5871.782	-6045.67	173.8879	1.102206	0.2300765	5.40281
1812	-5877.943	-6052.829	174.8865	1.124922	0.2250936	4.844537
1818	-5870.18	-6044.613	174.4331	1.175123	0.2250936	5.068745
1824	-5885.324	-6060.174	174.8502	1.13992	0.2550633	4.811582
1830	-5873.424	-6046.736	173.3116	1.027032	0.2596418	5.717737
1836	-5866.535	-6040.444	173.9096	1.110797	0.2354986	5.377981
1842	-5868.729	-6042.278	173.5491	1.110797	0.2719601	5.524385
1848	-5866.469	-6039.407	172.9379	1.004708	0.2146181	6.000725
1854	-5870.18	-6044.215	174.0348	1.045525	0.2241062	5.362199
1860	-5874.921	-6049.976	175.0541	1.157237	0.2642124	4.674903
1866	-5872.994	-6047.703	174.7088	1.128945	0.2109563	4.963543
1872	-5884.918	-6058.017	173.0987	0.9580098	0.2609904	5.870084
1878	-5881.887	-6055.175	173.2878	1.032017	0.2076683	5.805685
1884	-5884.498	-6060.044	175.5458	1.161139	0.2390758	4.433273
1890	-5865.936	-6039.9	173.9642	0.9797537	0.2581594	5.387198
1896	-5884.293	-6058.222	173.9296	0.9797537	0.2609179	5.402383
1902	-5878.909	-6052.002	173.0932	1.05614	0.2952358	5.773617
1908	-5880.01	-6052.018	172.0075	0.9411252	0.2016878	6.561235
1914	-5880.485	-6053.7	173.2146	1.006683	0.3767723	5.63724
1920	-5877.259	-6051.079	173.8199	1.115841	0.2821813	5.35874
1926	-5875.93	-6051.234	175.3047	1.180926	0.1991968	4.621209
1932	-5878.511	-6053.374	174.8634	1.151084	0.2429722	4.815641
1938	-5876.558	-6050.029	173.4703	1.043868	0.2290223	5.666005
1944	-5880.424	-6055.838	175.4133	1.188292	0.2525429	4.472565
1950	-5887.311	-6062.7	175.3895	1.249343	0.3131653	4.368763
1956	-5886.668	-6062.202	175.5335	1.193882	0.2212962	4.449276
1962	-5878.994	-6053.948	174.9541	1.182279	0.3201102	4.642567
1968	-5874.382	-6049.232	174.8496	1.164472	0.3573538	4.666152
1974	-5872.404	-6046.646	174.242	1.110075	0.2518607	5.170722
1980	-5878.648	-6053.777	175.1293	1.084407	0.2672145	4.669348
1986	-5878.254	-6052.446	174.1919	1.012543	0.3280525	5.151778
1992	-5875.837	-6049.362	173.5255	0.9572382	0.2756057	5.616777
1998	-5875.186	-6049.375	174.1887	1.029671	0.2012896	5.322331
2004	-5872.912	-6047.989	175.0763	1.209906	0.2614742	4.63682
2010	-5878.019	-6053.994	175.9743	1.175918	0.26017	4.151175
2016	-5880.81	-6054.819	174.0091	1.06982	0.2667986	5.300631
2022	-5885.719	-6058.318	172.5989	0.9749454	0.20847	6.21126
2028	-5889.999	-6062.004	172.005	1.035009	0.2260965	6.4738
2034	-5880.423	-6054.281	173.8584	1.147616	0.2398534	5.379393
2040	-5881.608	-6056.915	175.3068	1.145803	0.2875717	4.507296
2046	-5886.072	-6060.735	174.6632	1.064053	0.2752923	4.929618
2052	-5885.865	-6060.424	174.5586	1.150467	0.2752923	4.939766
2058	-5879.033	-6052.714	173.6812	1.071561	0.2078961	5.567939
2064	-5868.812	-6042.233	173.4216	0.9867596	0.3088068	5.61437
2070	-5881.291	-6053.958	172.6669	0.9644557	0.3298468	6.013664
2076	-5880.661	-6053.062	172.4014	1.000326	0.2528177	6.238529
2082	-5877.679	-6051.871	174.1929	1.090577	0.2556983	5.203228
2088	-5881.733	-6055.767	174.0342	1.117039	0.2187651	5.331389
2094	-5877.851	-6051.358	173.5071	1.083343	0.1989941	5.671489
2100	-5873.64	-6047.936	174.2962	1.146315	0.2306211	5.152077
2106	-5868.529	-6043.468	174.9389	1.163728	0.2559092	4.747512
2112	-5870.671	-6046.897	176.2268	1.176102	0.2559092	4.013375
2118	-5874.565	-6049.972	175.4069	1.206638	0.2650983	4.447777
2124	-5878.594	-6054.025	175.431	1.160314	0.241459	4.4948
2130	-5887.795	-6061.197	173.4015	1.106628	0.409724	5.444246
2136	-5880.3	-6054.481	174.1809	1.06124	0.409724	5.038558
2142	-5874.545	-6047.751	173.2058	1.051957	0.1710625	5.901408
2148	-5873.126	-6045.432	172.3066	0.9311436	0.2342234	6.354457
2154	-5878.981	-6052.45	173.4693	1.034205	0.2685461	5.61495
2160	-5879.597	-6053.741	174.1433	1.077565	0.289353	5.191697
2166	-5879.511	-6053.574	174.0626	1.074345	0.2495747	5.292965
2172	-5874.424	-6048.723	174.2997	1.078335	0.2643599	5.138657
2178	-5888.401	-6060.558	172.1578	1.057134	0.2951225	6.283222
2184	-5879.918	-6053.473	173.5552	1.042641	0.1796264	5.70019
2190	-5887.474	-6062.332	174.8571	1.254098	0.3100649	4.669344
2196	-5892.177	-6067.259	175.0825	1.146966	0.2609436	4.669344
2202	-5878.712	-6051.179	172.4671	0.9965882	0.2719429	6.178442
2208	-5877.277	-6049.005	171.728	1.014664	0.2541411	6.594046
2214	-5892.254	-6065.635	173.3815	1.023382	0.2145878	5.748155
2220	-5881.728	-6054.694	172.9657	0.9993044	0.2474556	5.939328
2226	-5880.08	-6052.983	172.9029	0.9890304	0.2762163	5.939328
2232	-5889.774	-6063.234	173.4603	1.100506	0.2468886	5.61402
2238	-5879.547	-6053.809	174.2619	1.093497	0.2849461	5.123084
2244	-5890.98	-6064.268	173.2886	1.079038	0.2061082	5.782009
2250	-5885.716	-6059.934	174.2178	1.123646	0.2485991	5.181326
2256	-5884.572	-6057.601	173.0289	1.041567	0.3287967	5.775041
2262	-5881.399	-6055.27	173.8715	1.055004	0.2350916	5.430277
2268	-5893.142	-6068.34	175.1978	1.168743	0.2961734	4.544193
2274	-5883.248	-6055.508	172.2593	0.8993947	0.3400014	6.258978
2280	-5882.838	-6054.138	171.3	0.9796668	0.2757959	6.814734
2286	-5876.86	-6048.696	171.8354	0.9687562	0.1973561	6.646437
2292	-5886.329	-6059.819	173.4892	1.146103	0.3113267	5.486492
2298	-5890.593	-6065.667	175.0741	1.088689	0.2679094	4.696825
2304	-5880.678	-6055.255	174.5766	1.088689	0.2679094	4.974274
2310	-5883.678	-6058.486	174.8079	1.113023	0.2645615	4.836667
2316	-5876.533	-6051.504	174.9707	1.214747	0.2698478	4.681436
2322	-5899.695	-6072.849	173.1537	1.070977	0.2463718	5.798957
2328	-5890.019	-6064.246	174.2267	1.154475	0.1983211	5.237321
2334	-5890.842	-6064.298	173.4559	1.023366	0.3478448	5.528283
2340	-5881.284	-6053.678	172.3944	1.008021	0.2723243	6.211279
2346	-5881.614	-6052.975	171.3611	0.9594093	0.2484359	6.830179
2352	-5888.916	-6060.6	171.6839	0.9439979	0.2484359	6.664163
2358	-5887.326	-6060.208	172.8817	0.940706	0.3329031	5.905774
2364	-5897.57	-6070.368	172.7982	1.067239	0.3135237	5.905774
2370	-5898.513	-6071.428	172.9155	1.106519	0.3858972	5.73653
2376	-5882.9	-6055.735	172.8352	1.052676	0.2849329	5.929955
2382	-5883.964	-6057.882	173.918	0.9353201	0.24175	5.460736
2388	-5878.442	-6052.664	174.2218	1.174531	0.2609714	5.133232
2394	-5882.72	-6056.403	173.6827	1.174531	0.2845704	5.398807
2400	-5891.725	-6065.596	173.8703	1.058467	0.3180497	5.316419
2406	-5895.068	-6068.693	173.6244	0.9989782	0.3180497	5.484732
2412	-5890.02	-6065.511	175.4903	1.153587	0.2888612	4.397817
2418	-5891.843	-6066.615	174.7725	1.117975	0.2888612	4.820382
2424	-5882.166	-6056.852	174.6866	1.117975	0.3263175	4.820382
2430	-5904.876	-6076.887	172.0107	1.013611	0.2219556	6.488557
2436	-5896.023	-6069.604	173.5813	1.023761	0.245065	5.592333
2442	-5896.268	-6069.408	173.1398	1.083342	0.2676815	5.769859
2448	-5883.487	-6057.699	174.2114	1.083342	0.2676815	5.18013
2454	-5879.326	-6054.137	174.8114	1.12568	0.2129478	4.905092
2460	-5879.72	-6054.374	174.6536	1.146117	0.3093391	4.844337
2466	-5889.828	-6063.355	173.5268	1.1521	0.2140202	5.59878
2472	-5880.076	-6054.806	174.73	1.127084	0.2699133	4.864772
2478	-5881.227	-6055.173	173.9462	1.083587	0.2363664	5.371511
2484	-5870.758	-6044.562	173.8036	1.102913	0.2378297	5.437208
2490	-5873.611	-6047.334	173.7236	1.134717	0.3047099	5.372022
2496	-5873.693	-6047.484	173.7907	1.053178	0.3110186	5.372022
2502	-5866.542	-6041.536	174.9938	1.203802	0.2867079	4.651571
2508	-5868.813	-6043.731	174.9175	1.134703	0.2457189	4.790551
2514	-5867.698	-6042.709	175.0112	1.085676	0.2291665	4.790551
2520	-5870.462	-6045.413	174.9505	1.125391	0.2828941	4.724835
2526	-5874.538	-6048.105	173.5664	1.071611	0.2746157	5.532829
2532	-5878.632	-6052.658	174.0267	1.039269	0.2563358	5.322486
2538	-5873.967	-6047.527	173.5596	1.060705	0.2299119	5.606448
2544	-5880.077	-6054.396	174.3195	1.146732	0.275051	5.074994
2550	-5879.378	-6053.001	173.6228	1.062818	0.238994	5.556995
2556	-5873.597	-6047.751	174.1542	1.101144	0.1978297	5.307655
2562	-5866.844	-6041.623	174.7788	1.096928	0.2553262	4.874959
2568	-5877.068	-6050.216	173.1482	1.006585	0.2148209	5.884567
2574	-5878.722	-6050.679	171.9575	0.9530206	0.2464066	6.514155
2580	-5884.938	-6059.381	174.443	1.128894	0.2410237	5.06477
2586	-5878.871	-6053.314	174.443	1.128894	0.2410237	5.06477
2592	-5875.644	-6050.177	174.5328	1.113755	0.2410237	5.023331
2598	-5889.141	-6063.442	174.301	1.172572	0.3350991	4.99396
2604	-5892.24	-6065.383	173.1434	1.042701	0.2480631	5.817649
2610	-5875.151	-6048.19	173.0391	1.100195	0.3231547	5.744155
2616	-5872.338	-6045.275	172.9375	0.9782654	0.2841219	5.915826
2622	-5872.849	-6046.852	174.0038	1.006198	0.2961097	5.29942
2628	-5876.926	-6049.903	172.9766	1.088685	0.2538465	5.875445
2634	-5870.77	-6042.906	172.1358	1.014339	0.2592674	6.366133
2640	-5883.75	-6054.72	170.9703	0.922499	0.2296013	7.08784
2646	-5876.654	-6047.842	171.1881	0.922499	0.2296013	6.970594
2652	-5877.286	-6050.044	172.7588	1.001975	0.2330146	6.071833
2658	-5881.775	-6054.614	172.8385	0.9863827	0.2595557	5.998665
2664	-5870.546	-6042.237	171.6916	0.9512606	0.2667888	6.630607
2670	-5868.938	-6040.805	171.8676	0.9288472	0.2341145	6.593692
2676	-5861.712	-6034.266	172.5543	0.9498645	0.2772519	6.149336
2682	-5872.324	-6045.786	173.4612	1.054861	0.2845227	5.586545
2688	-5874.77	-6048.403	173.6327	1.104212	0.2550375	5.505577
2694	-5882.103	-6055.549	173.446	1.09757	0.2208482	5.662397
2700	-5892.839	-6065.359	172.5196	0.9914479	0.2543572	6.176906
2706	-5890.248	-6064.381	174.1335	1.138528	0.2543572	5.211448
2712	-5899.785	-6074.8	175.0153	1.283657	0.2608429	4.630565
2718	-5900.244	-6076.456	176.2119	1.300546	0.260537	3.943953
2724	-5883.901	-6057.931	174.0301	1.176528	0.2410391	5.266952
2730	-5877.994	-6052.08	174.086	0.9931072	0.2917441	5.266952
2736	-5880.537	-6052.57	172.0325	1.024919	0.2509966	6.428016
2742	-5878.059	-6052.192	174.1332	1.028967	0.252939	5.274224
2748	-5883.177	-6056.567	173.39	0.9114899	0.2986271	5.685914
2754	-5879.744	-6051.984	172.24	0.8986288	0.3262388	6.286164
2760	-5877.311	-6050.485	173.1747	0.9807426	0.2473884	5.835369
2766	-5880.656	-6054.747	174.0912	1.05061	0.268207	5.263988
2772	-5880.523	-6053.697	173.174	1.088085	0.2279068	5.805774
2778	-5874.82	-6048.782	173.9619	1.088085	0.3098387	5.259745
2784	-5875.807	-6049.519	173.7122	1.088085	0.2216613	5.520189
2790	-5879.898	-6054.205	174.307	1.074582	0.230562	5.18592
2796	-5877.038	-6050.203	173.165	1.039429	0.2695972	5.777481
2802	-5879.286	-6051.09	171.8047	0.9425673	0.2994911	6.531295
2808	-5881.903	-6054.423	172.5202	0.9181743	0.2378241	6.240154
2814	-5879.223	-6053.931	174.7082	1.052582	0.2378241	4.964642
2820	-5881.201	-6054.336	173.1349	1.069676	0.3483907	5.678437
2826	-5881.593	-6054.416	172.8232	1.039698	0.2668497	5.967874
2832	-5887.107	-6059.826	172.7198	1.047045	0.331231	5.938083
2838	-5881.652	-6054.426	172.7736	1.05368	0.2368153	6.029929
2844	-5878.005	-6051.38	173.375	1.05368	0.3142227	5.596472
2850	-5882.677	-6055.093	172.4167	0.9298578	0.2117517	6.329578
2856	-5883.74	-6056.042	172.3026	0.9053607	0.2190566	6.393421
2862	-5864.893	-6039.35	174.4574	1.166622	0.2741246	4.988641
2868	-5868.628	-6043.925	175.2973	1.159789	0.1974012	4.64024
2874	-5873.68	-6048.465	174.7851	1.168236	0.2592187	4.826123
2880	-5872.505	-6046.543	174.038	1.100482	0.2567737	5.281814
2886	-5868.667	-6042.756	174.0896	1.081961	0.2538585	5.26768
2892	-5877.713	-6051.44	173.7271	1.065481	0.2538537	5.476665
2898	-5882.79	-6053.5	170.7101	0.8840356	0.2238487	7.256924
2904	-5880.211	-6051.779	171.5675	0.9032398	0.2424125	6.757686
2910	-5884.8	-6058.507	173.7064	0.9574152	0.2459256	5.558864
2916	-5884.706	-6058.507	173.8009	1.045223	0.2868404	5.401941
2922	-5877.45	-6050.669	173.219	1.04857	0.2929125	5.71184
2928	-5886.746	-6060.02	173.2743	1.071644	0.2512608	5.72556
2934	-5884.81	-6058.52	173.7105	1.064084	0.216158	5.542862
2940	-5892.576	-6066.115	173.5385	1.027241	0.2337694	5.630561
2946	-5889.274	-6062.678	173.4039	1.00603	0.2953977	5.630561
2952	-5879.157	-6052.154	172.9969	1.044971	0.2618171	5.877097
2958	-5873.912	-6046.61	172.6975	1.024211	0.2929352	6.010204
2964	-5881.782	-6056.605	174.8238	1.122569	0.2917336	4.785373
2970	-5879.195	-6053.901	174.7066	1.147862	0.3321747	4.785373
2976	-5874.484	-6049.892	175.4076	1.147862	0.3088832	4.421282
2982	-5878.622	-6053.498	174.876	1.139965	0.2935995	4.744019
2988	-5880.812	-6055.947	175.1346	1.102303	0.2738293	4.647114
2994	-5883.742	-6057.852	174.1104	1.111405	0.3390584	5.128897
3000	-5885.514	-6060.124	174.6107	1.079514	0.2508766	4.984622
3006	-5877.07	-6052.183	175.1126	1.16908	0.2328125	4.681645
3012	-5875.87	-6050.55	174.6799	1.074908	0.2328125	4.975538
3018	-5881.487	-6055.133	173.6461	1.074908	0.2102591	5.581626
3024	-5871.782	-6046.766	174.9833	1.1642	0.2154425	4.783773
3030	-5872.073	-6046.877	174.8032	1.117831	0.2203827	4.902235
3036	-5876.584	-6049.999	173.4147	0.9792963	0.2398011	5.715795
3042	-5873.834	-6046.725	172.8911	0.947991	0.2593211	5.991264
3048	-5869.872	-6042.812	172.9392	0.9722667	0.1999645	6.041082
3054	-5867.606	-6041.349	173.743	1.011157	0.2122965	5.560173
3060	-5869.852	-6043.686	173.8338	1.051531	0.2452216	5.438003
3066	-5874.318	-6048.081	173.7636	1.111955	0.2489588	5.438003
3072	-5873.781	-6048.521	174.74	1.04959	0.2451615	4.937729
3078	-5870.317	-6045.336	175.0191	1.197164	0.2184067	4.740669
3084	-5868.246	-6042.96	174.7139	1.189617	0.2293834	4.897992
3090	-5875.378	-6050.223	174.8449	1.120529	0.2075622	4.897992
3096	-5875.094	-6049.863	174.7688	1.149732	0.2239716	4.897992
3102	-5878.818	-6053.22	174.402	1.137041	0.2438047	5.07887
3108	-5880.693	-6055.273	174.5802	1.135179	0.2337059	4.996082
3114	-5878.782	-6053.522	174.7397	1.151307	0.2337059	4.898378
3120	-5885.479	-6060.882	175.4031	1.197531	0.1883104	4.575286
3126	-5886.094	-6060.515	174.4209	1.066127	0.2682037	5.072854
3132	-5883.184	-6057.134	173.9508	1.152286	0.2652694	5.289436
3138	-5889.928	-6065.447	175.5196	1.225318	0.2541337	4.389494
3144	-5884.576	-6057.875	173.2987	1.040308	0.2666751	5.707729
3150	-5880.104	-6055.27	175.166	1.239001	0.284014	4.538823
3156	-5892.225	-6066.697	174.472	1.224876	0.1654031	5.12013
3162	-5889.92	-6064.303	174.3831	1.113337	0.2175562	5.142439
3168	-5883.542	-6058.188	174.6461	1.143137	0.2711066	4.9009
3174	-5882.403	-6056.736	174.3334	1.19841	0.2296736	5.10406
3180	-5874.326	-6048.618	174.2924	1.236776	0.2306468	5.10406
3186	-5871.793	-6045.493	173.6994	1.061361	0.2259123	5.535372
3192	-5868.32	-6042.412	174.0919	1.057437	0.2165276	5.335934
3198	-5868.055	-6041.768	173.7127	1.084844	0.2315203	5.506608
3204	-5877.833	-6051.969	174.1365	1.085325	0.2644924	5.224916
3210	-5885.57	-6060.097	174.5274	1.071528	0.2660411	5.013747
3216	-5891.745	-6068.232	176.4872	1.341553	0.2323686	3.805027
3222	-5895.065	-6071.658	176.5922	1.341553	0.1860961	3.822214
3228	-5884.175	-6058.461	174.2859	1.088278	0.2187637	5.208241
3234	-5892.07	-6065.635	173.5647	1.058874	0.2440384	5.583712
3240	-5884.014	-6059.059	175.0451	1.141149	0.2420471	4.721085
3246	-5880.571	-6055.439	174.8682	1.174786	0.2177943	4.838371
3252	-5875.667	-6049.743	174.0758	1.061693	0.2743127	5.257966
3258	-5875.234	-6049.295	174.0614	1.060721	0.2355483	5.321793
3264	-5879.998	-6052.192	172.1944	0.9836031	0.2437554	6.37297
3270	-5879.777	-6052.839	173.0621	1.015576	0.2905849	5.818854
3276	-5876.328	-6051.021	174.6927	1.044549	0.2161569	5.011099
3282	-5874.56	-6048.383	173.8237	1.034569	0.291394	5.389235
3288	-5873.089	-6047.505	174.4163	1.118457	0.2159544	5.123732
3294	-5869.797	-6044.204	174.4071	1.081555	0.2324857	5.123732
3300	-5878.413	-6052.804	174.3918	1.096796	0.2324857	5.123732
3306	-5891.346	-6065.09	173.7439	1.061728	0.3071043	5.398053
3312	-5892.206	-6065.798	173.5917	1.00794	0.2692165	5.561272
3318	-5890.037	-6064.261	174.2244	1.063228	0.2692165	5.181931
3324	-5883.251	-6057.579	174.3278	1.072424	0.2674308	5.122048
3330	-5884.969	-6058.379	173.4105	1.043782	0.2555448	5.660095
3336	-5883.803	-6058.946	175.1426	1.132481	0.2375312	4.678166
3342	-5894.099	-6067.792	173.6931	1.08796	0.2803711	5.446373
3348	-5881.407	-6056.884	175.4761	1.165238	0.2355253	4.475622
3354	-5896.071	-6069.531	173.4597	1.05957	0.2550115	5.625171
3360	-5896.534	-6068.004	171.4706	0.9975344	0.3263822	6.649371
3366	-5898.528	-6072.406	173.878	0.8912199	0.265636	5.472934
3372	-5889.645	-6061.426	171.781	1.08004	0.4502501	6.303889
3378	-5890.673	-6061.893	171.2206	0.8958286	0.2856817	6.889813
3384	-5886.626	-6059.709	173.0826	0.9753529	0.2586049	5.872742
3390	-5884.581	-6057.718	173.1374	1.084624	0.2416512	5.807277
3396	-5885.354	-6058.489	173.1346	1.042571	0.2588324	5.807277
3402	-5886.782	-6058.44	171.6578	1.010481	0.2980453	6.575903
3408	-5884.825	-6058.03	173.2056	0.9685706	0.2427523	5.831831
3414	-5888.898	-6062.131	173.2336	1.025953	0.2119439	5.831831
3420	-5887.739	-6061.839	174.1	1.015459	0.3756011	5.145716
3426	-5884.125	-6058.148	174.023	1.034664	0.2447543	5.343716
3432	-5880.481	-6052.65	172.1681	0.9495275	0.2390169	6.412565
3438	-5889.957	-6063.417	173.4598	1.009798	0.2680602	5.634221
3444	-5887.255	-6059.482	172.2268	1.043249	0.260793	6.29894
3450	-5886.204	-6060.069	173.8647	1.080189	0.2227631	5.438888
3456	-5877.848	-6052.153	174.3055	1.033465	0.2169358	5.230594
3462	-5872.94	-6046.824	173.8839	1.144667	0.2342011	5.375396
3468	-5878.699	-6053.198	174.4992	1.09584	0.2342011	5.062165
3474	-5882.311	-6055.689	173.3776	1.045839	0.2976334	5.620282
3480	-5883.994	-6057.442	173.4476	1.050581	0.2724898	5.612505
3486	-5877.086	-6050.976	173.8904	1.003369	0.2824564	5.381503
3492	-5890.727	-6063.75	173.023	0.948544	0.1940627	6.01804
3498	-5887.353	-6060.609	173.2558	1.082463	0.2521037	5.728534
3504	-5885.125	-6057.081	171.9558	1.026237	0.2407336	6.483551
3510	-5881.356	-6055.483	174.1273	1.044581	0.2627877	5.254906
3516	-5882.199	-6056.278	174.0794	1.009889	0.2745214	5.284285
3522	-5883.926	-6057.43	173.5039	1.028803	0.26182	5.608222
3528	-5885.2	-6059.768	174.5674	0.9897104	0.292133	5.001646
3534	-5895.48	-6066.876	171.3961	0.9776138	0.2526553	6.795528
3540	-5893.761	-6066.502	172.7408	0.9724979	0.276776	6.036028
3546	-5900.332	-6071.946	171.6144	0.8648118	0.3243322	6.645828
3552	-5889.699	-6063.427	173.7278	1.018816	0.2869119	5.456653
3558	-5889.472	-6062.657	173.1851	1.035473	0.2803838	5.75409
3564	-5881.088	-6054.194	173.1054	1.030593	0.2501229	5.842082
3570	-5889.781	-6063.246	173.4649	0.9911748	0.2518133	5.664382
3576	-5897.653	-6070.538	172.8843	0.9828826	0.2524427	5.985622
3582	-5882.484	-6054.504	172.0196	0.9923216	0.2702351	6.426118
3588	-5885.229	-6057.935	172.7052	1.058268	0.2602015	6.031289
3594	-5878.949	-6051.855	172.9055	1.010187	0.2744156	5.928793
3600	-5878.672	-6051.106	172.4344	1.046855	0.2597973	6.185531
3606	-5881.435	-6054.915	173.4803	1.051425	0.2298426	5.655161
3612	-5879.652	-6052.862	173.2104	1.068281	0.3336463	5.655161
3618	-5872.357	-6046.041	173.6846	1.103098	0.3159345	5.396872
3624	-5890.169	-6063.363	173.194	1.001609	0.2120135	5.86671
3630	-5885.278	-6058.701	173.4227	0.9796993	0.2517736	5.693883
3636	-5885.399	-6059.664	174.2643	1.006351	0.2517736	5.215927
3642	-5875.729	-6049.064	173.3349	0.9771574	0.316495	5.657631
3648	-5890.529	-6065.365	174.8356	1.172377	0.3469639	4.681736
3654	-5895.069	-6068.322	173.253	1.070334	0.2948732	5.678772
3660	-5883.844	-6055.711	171.8673	0.9530234	0.2662884	6.53525
3666	-5881.109	-6053.622	172.5135	1.066675	0.2498597	6.145656
3672	-5877.477	-6051.259	173.7817	1.094895	0.2500982	5.435773
3678	-5876.499	-6050.293	173.794	1.094895	0.2697573	5.401373
3684	-5877.589	-6051.515	173.926	1.061212	0.2320811	5.401373
3690	-5872.936	-6047.57	174.6347	1.084925	0.220813	5.013558
3696	-5871.179	-6044.817	173.6375	1.112825	0.2870523	5.454421
3702	-5894.462	-6067.98	173.5175	1.095926	0.2308568	5.608805
3708	-5895.84	-6070.175	174.3354	1.103217	0.2816111	5.081412
3714	-5881.962	-6055.62	173.6576	1.058901	0.1826702	5.629863
3720	-5881.636	-6055.082	173.4457	1.053661	0.2270858	5.677042
3726	-5883.169	-6057.112	173.9426	1.046302	0.193631	5.461526
3732	-5893.464	-6068.331	174.8675	1.046302	0.2741016	4.827354
3738	-5891.642	-6065.594	173.9525	1.09818	0.2449963	5.347246
3744	-5889.312	-6064.221	174.9089	1.174502	0.2010904	4.842924
3750	-5885.636	-6059.316	173.6795	1.08424	0.2575397	5.48728
3756	-5894.58	-6066.454	171.874	1.013125	0.3006583	6.454101
3762	-5876.744	-6049.052	172.3074	0.9012989	0.2969916	6.284272
3768	-5887.95	-6061.58	173.6301	0.9846033	0.285185	5.531498
3774	-5881.934	-6056.705	174.7715	1.139555	0.2706473	4.833634
3780	-5884.525	-6059.824	175.2991	1.129105	0.265254	4.551789
3786	-5882.781	-6057.422	174.6417	1.184915	0.2331644	4.935041
3792	-5900.158	-6075.915	175.7578	1.194393	0.2550727	4.270911
3798	-5888.95	-6062.678	173.728	1.068037	0.2837651	5.433574
3804	-5882.314	-6058.727	176.4129	1.308763	0.2040414	3.91278
3810	-5887.467	-6063.822	176.3552	1.336772	0.2142326	3.91278
3816	-5887.389	-6062.361	174.9716	1.23283	0.2405157	4.713195
3822	-5884.371	-6058.091	173.7199	1.217418	0.2375935	5.420588
3828	-5880.984	-6054.991	174.0062	1.203545	0.2345707	5.274861
3834	-5879.242	-6053.809	174.567	1.141428	0.216391	5.026749
3840	-5880.564	-6054.67	174.1065	1.181671	0.2409257	5.222064
3846	-5877.315	-6052.143	174.8278	1.202179	0.25732	4.78607
3852	-5877.084	-6051.456	174.372	1.066661	0.2370749	5.144505
3858	-5871.477	-6046.766	175.2892	1.186037	0.2094006	4.61013
3864	-5869.953	-6043.699	173.7462	1.145535	0.2094006	5.489154
3870	-5880.912	-6054.789	173.877	1.059188	0.2482137	5.405672
3876	-5888.679	-6062.739	174.0597	1.110256	0.2604694	5.259199
3882	-5875.049	-6048.231	173.1826	1.086566	0.2142855	5.822918
3888	-5878.541	-6053.676	175.1346	1.188171	0.2518318	4.630245
3894	-5880.501	-6053.026	172.5251	0.9674073	0.261418	6.177176
3900	-5871.819	-6044.079	172.2603	0.9279982	0.261418	6.34246
3906	-5870.708	-6044.359	173.6512	1.140082	0.2783419	5.44346
3912	-5882.012	-6056.296	174.2843	1.210324	0.2098702	5.155674
3918	-5879.641	-6053.872	174.2317	1.081776	0.2283659	5.226928
3924	-5885.902	-6060.699	174.7966	1.034663	0.2166922	4.957984
3930	-5903.818	-6077.384	173.566	1.128348	0.2234173	5.575654
3936	-5887.906	-6061.482	173.576	1.109282	0.2266903	5.575654
3942	-5893.893	-6066.105	172.2116	1.024362	0.2917965	6.276113
3948	-5902.054	-6074.421	172.3671	0.9289937	0.2671187	6.276113
3954	-5886.133	-6059.465	173.3323	1.146168	0.2850901	5.606421
3960	-5880.23	-6053.667	173.4379	1.037657	0.2446945	5.663969
3966	-5875.631	-6048.161	172.5293	0.9568788	0.2465833	6.20148
3972	-5875.056	-6048.256	173.2002	1.054438	0.2780967	5.738466
3978	-5878.074	-6050.522	172.4477	0.9421417	0.2876777	6.197805
3984	-5872.768	-6046.139	173.3711	1.063171	0.2289408	5.709913
3990	-5875.908	-6049.464	173.5561	1.078389	0.2264526	5.603901
3996	-5882.256	-6055.827	173.5702	0.9921213	0.2533406	5.603901
4002	-5879.723	-6053.156	173.4326	1.040647	0.2158124	5.708754
4008	-5873.605	-6046.947	173.3419	1.012681	0.2597909	5.708754
4014	-5885.909	-6059.156	173.247	1.058847	0.2540304	5.743604
4020	-5879.727	-6053.068	173.3414	0.9990058	0.2435097	5.739773
4026	-5883.42	-6056.074	172.6536	1.108362	0.1883735	6.141723
4032	-5876.561	-6049.59	173.0285	1.092385	0.1880093	5.94671
4038	-5869.271	-6042.716	173.4447	1.092385	0.1880093	5.719072
4044	-5871.408	-6045.28	173.8729	1.034812	0.2137018	5.473548
4050	-5882.192	-6056.169	173.9769	1.128223	0.1913831	5.401314
4056	-5870.558	-6045.074	174.5151	1.145456	0.2965749	4.938308
4062	-5870.79	-6045.414	174.6233	1.096806	0.2975308	4.903912
4068	-5862.076	-6036.062	173.9857	1.058695	0.3031022	5.2714
4074	-5869.245	-6043.618	174.3727	1.081381	0.2369019	5.1362
4080	-5881.74	-6055.212	173.4723	1.038723	0.2662321	5.614018
4086	-5890.642	-6063.739	173.0969	1.001676	0.2775168	5.824646
4092	-5893.894	-6066.832	172.9381	1.001676	0.2775168	5.911457
4098	-5889.751	-6062.534	172.7825	0.9342916	0.3147408	5.985424
4104	-5886.452	-6059.113	172.6605	0.9068062	0.2618225	6.135891
4110	-5872.738	-6046.272	173.5345	0.9609145	0.286086	5.595837
4116	-5870.662	-6044.101	173.4382	1.050672	0.2888172	5.595837
4122	-5879.556	-6053.202	173.646	1.025863	0.218349	5.595837
4128	-5877.485	-6051.117	173.6326	1.006652	0.2577912	5.555372
4134	-5889.509	-6062.776	173.2673	1.039005	0.267651	5.724314
4140	-5882.82	-6056.644	173.8245	1.096082	0.2792227	5.371031
4146	-5880.018	-6053.08	173.0625	0.9957783	0.2395037	5.899937
4152	-5876.992	-6050.117	173.1249	1.012652	0.2110617	5.899937
4158	-5878.984	-6052.448	173.4641	0.9428585	0.2885799	5.641099
4164	-5881.453	-6053.838	172.3852	0.9232793	0.2210959	6.335756
4170	-5874.932	-6048.907	173.9758	1.017022	0.2518123	5.36928
4176	-5872.939	-6046.647	173.7074	1.003158	0.2374335	5.545626
4182	-5881.439	-6053.254	171.8157	0.8941214	0.2340138	6.640695
4188	-5886.025	-6057.727	171.7016	0.9431802	0.2095979	6.712972
4194	-5878.647	-6051.226	172.5783	0.98831	0.2486116	6.154847
4200	-5879.752	-6052.328	172.5765	0.9900377	0.2486116	6.154847
4206	-5884.346	-6057.015	172.6687	0.8825826	0.2410375	6.174081
4212	-5882.455	-6055.569	173.114	1.044074	0.2330496	5.854961
4218	-5878.789	-6051.864	173.0749	1.067538	0.2388129	5.854961
4224	-5872.651	-6047.176	174.5251	1.114491	0.2898308	4.95881
4230	-5878.124	-6052.143	174.0198	1.06315	0.3120404	5.238774
4236	-5879.809	-6054.623	174.8132	1.045984	0.2303272	4.921228
4242	-5875.414	-6049.987	174.5725	1.061923	0.261783	5.000052
4248	-5875.501	-6049.242	173.741	1.068841	0.2637133	5.453253
4254	-5871.852	-6045.305	173.4529	0.9516554	0.236551	5.71483
4260	-5868.274	-6039.785	171.5106	0.9755668	0.2447598	6.745971
4266	-5875.834	-6049.297	173.4622	0.9773556	0.2447598	5.683619
4272	-5873.586	-6048.828	175.2427	1.154934	0.2436667	4.600276
4278	-5874.576	-6048.605	174.0287	1.151656	0.2759551	5.232048
4284	-5871.53	-6044.862	173.3318	1.002849	0.2425788	5.744241
4290	-5873.761	-6045.542	171.7814	0.8765123	0.2820137	6.602167
4296	-5872.363	-6045.847	173.4846	0.9528861	0.2628745	5.659004
4302	-5868.683	-6040.059	171.3759	0.9272497	0.2628745	6.819442
4308	-5868.706	-6042.358	173.652	1.028139	0.2404384	5.557911
4314	-5877.259	-6051.177	173.9176	1.053368	0.2091998	5.445874
4320	-5880.643	-6055.893	175.2492	1.146908	0.2601968	4.576985
4326	-5882.566	-6056.744	174.1776	1.107851	0.2767809	5.172778
4332	-5888.865	-6062.089	173.2236	1.009002	0.2543215	5.783248
4338	-5884.731	-6058.224	173.4937	1.040055	0.2888787	5.571085
4344	-5887.164	-6060.645	173.4811	1.026434	0.3253914	5.539437
4350	-5871.764	-6045.056	173.292	1.049258	0.221097	5.772849
4356	-5877.011	-6050.378	173.3678	1.089807	0.2188808	5.71257
4362	-5877.873	-6052.207	174.334	1.075969	0.2521494	5.138285
4368	-5874.299	-6048.157	173.858	1.078029	0.2385359	5.419947
4374	-5874.016	-6046.926	172.9101	0.9992447	0.2968191	5.902805
4380	-5877.809	-6051.542	173.7332	1.011782	0.2903826	5.452983
4386	-5874.866	-6048.965	174.0996	1.123801	0.3054205	5.16949
4392	-5878.368	-6050.182	171.8139	0.9934901	0.2283468	6.596362
4398	-5878.471	-6051.94	173.4688	1.094411	0.2387227	5.624617
4404	-5883.71	-6058.245	174.5349	1.137704	0.3212973	4.900094
4410	-5893.856	-6064.615	170.7588	0.8701415	0.2581833	7.188889
4416	-5897.429	-6070.694	173.2647	0.9634175	0.2581833	5.780255
4422	-5887.709	-6062.724	175.0152	1.136253	0.2581833	4.71695
4428	-5876.86	-6051.952	175.0916	1.096755	0.2518249	4.705536
4434	-5893.643	-6068.81	175.1667	1.186771	0.2033316	4.688324
4440	-5875.244	-6048.129	172.8849	1.091728	0.2424798	5.940153
4446	-5876.309	-6050.843	174.5339	1.086024	0.2448906	5.032417
4452	-5878.562	-6052.639	174.0764	1.108068	0.2747108	5.231454
4458	-5879.69	-6053.314	173.6246	1.118934	0.344202	5.387066
4464	-5875.999	-6050.867	174.8682	1.127238	0.344202	4.69205
4470	-5869.242	-6043.706	174.4635	1.065172	0.2641962	5.055327
4476	-5875.919	-6049.14	173.221	1.065172	0.2641962	5.74014
4482	-5877.746	-6051.878	174.1324	1.077183	0.2810042	5.209043
4488	-5883.984	-6058.178	174.1939	1.024063	0.2775937	5.209043
4494	-5886.359	-6060.187	173.8277	0.9603256	0.2775937	5.446251
4500	-5880.977	-6054.894	173.9171	0.9385644	0.2273487	5.480993
4506	-5875.961	-6049.17	173.2086	1.068771	0.2481053	5.767607
4512	-5870.984	-6044.713	173.7299	1.135166	0.2204653	5.486398
4518	-5867.048	-6040.67	173.6218	1.118153	0.2219889	5.55282
4524	-5869.161	-6042.59	173.4292	1.044564	0.2445305	5.665173
4530	-5884.226	-6059.01	174.7835	1.049526	0.2205336	4.950977
4536	-5894.558	-6068.663	174.1057	1.210405	0.2506096	5.192466
4542	-5894.084	-6066.847	172.7632	0.9987265	0.2585058	6.034504
4548	-5892.026	-6066.515	174.4888	1.128646	0.2751215	4.990924
4554	-5881.952	-6055.285	173.3336	1.024253	0.3490198	5.593641
4560	-5882.525	-6055.391	172.8665	0.9042445	0.3128665	5.958275
4566	-5874.994	-6047.323	172.3292	0.8788099	0.3202889	6.25565
4572	-5867.892	-6042.735	174.8431	1.184973	0.2131442	4.854099
4578	-5874.849	-6049.919	175.0695	1.06398	0.1877354	4.837646
4584	-5881.487	-6055.222	173.7353	1.020531	0.2804954	5.460068
4590	-5875.416	-6048.793	173.3776	1.036491	0.2874733	5.638637
4596	-5875.892	-6048.945	173.0528	0.9967589	0.2350063	5.911304
4602	-5877.096	-6050.233	173.1361	0.9847711	0.2713733	5.820776
4608	-5879.513	-6052.966	173.4527	1.044386	0.1955573	5.728337
4614	-5878.816	-6053.981	175.1649	1.155049	0.2654803	4.612208
4620	-5876.237	-6051.372	175.1352	1.097895	0.2525031	4.679461
4626	-5873.799	-6048.174	174.3744	0.9829303	0.2427388	5.181128
4632	-5870.368	-6043.972	173.6046	1.088437	0.238086	5.554261
4638	-5880.587	-6054.906	174.3184	1.144471	0.2596185	5.098316
4644	-5909.235	-6082.294	173.059	1.11021	0.2242337	5.862148
4650	-5885.988	-6056.828	170.8403	0.8114162	0.2390138	7.203687
4656	-5884.197	-6055.78	171.5833	0.8377352	0.3015974	6.70513
4662	-5881.047	-6055.796	174.7494	1.17902	0.3133688	4.7674
4668	-5880.241	-6055.439	175.1982	1.254057	0.2252656	4.597735
4674	-5884.704	-6059.178	174.4734	1.20937	0.2473312	4.993951
4680	-5883.602	-6058.6	174.9975	1.176087	0.2473312	4.720348
4686	-5883.184	-6057.144	173.9601	1.148383	0.2107245	5.367697
4692	-5884.729	-6059.579	174.8498	1.141353	0.1856569	4.920517
4698	-5878.784	-6053.56	174.7763	1.157894	0.2432007	4.860097
4704	-5898.832	-6070.085	171.2528	1.038957	0.2503997	6.842921
4710	-5890.174	-6064.003	173.829	1.038957	0.2675588	5.415924
4716	-5888.578	-6061.254	172.6753	0.9556217	0.2392694	6.133305
4722	-5890.78	-6065.285	174.5048	1.098127	0.2734159	5.001315
4728	-5900.892	-6075.954	175.0615	1.098127	0.2089451	4.787501
4734	-5888.928	-6062.378	173.4503	1.052149	0.21142	5.69971
4740	-5884.083	-6057.146	173.0629	1.005366	0.2618881	5.862552
4746	-5884.576	-6058.511	173.9353	1.088239	0.2298925	5.384642
4752	-5887.152	-6060.927	173.7752	1.043654	0.2292599	5.498331
4758	-5887.147	-6063.674	176.5272	1.152401	0.2163891	3.916338
4764	-5882.033	-6057.038	175.0056	1.02753	0.2455938	4.801393
4770	-5885.386	-6058.075	172.6892	0.992581	0.2163469	6.140164
4776	-5883.667	-6056.469	172.8023	1.004833	0.2419234	6.033478
4782	-5893.81	-6066.339	172.529	0.9888	0.3044544	6.106673
4788	-5888.351	-6061.336	172.9851	1.008611	0.3818133	5.756432
4794	-5896.894	-6070.677	173.7828	1.0283	0.275704	5.436104
4800	-5888.893	-6063.322	174.4285	1.054841	0.2849374	5.052133
4806	-5882.696	-6057.065	174.3687	1.08432	0.3097966	5.036644
4812	-5879.342	-6053.638	174.2958	1.154547	0.2514749	5.116856
4818	-5883.824	-6059.178	175.3538	1.247529	0.2424206	4.487696
4824	-5875.729	-6047.994	172.2651	1.028659	0.189059	6.394994
4830	-5872.368	-6045.461	173.0926	1.039111	0.2955814	5.782835
4836	-5876.092	-6049.294	173.2022	0.9403105	0.2517588	5.836206
4842	-5888.115	-6061.578	173.4638	0.9653749	0.2970987	5.617823
4848	-5875.864	-6049.479	173.6154	1.145949	0.2145317	5.552666
4854	-5893.146	-6066.052	172.9057	1.132838	0.1915608	5.985696
4860	-5893.725	-6068.596	174.8708	1.190496	0.2268723	4.813919
4866	-5886.006	-6061.716	175.7098	1.244599	0.193142	4.367787
4872	-5892.625	-6068.028	175.4032	1.119052	0.2410556	4.534223
4878	-5888	-6060.657	172.6564	1.028323	0.3180394	5.998853
4884	-5890.057	-6063.104	173.0461	1.028323	0.2799857	5.834572
4890	-5878.67	-6051.383	172.7123	0.9851026	0.2921031	6.024534
4896	-5877.907	-6050.329	172.422	0.8770768	0.2901919	6.243872
4902	-5879.309	-6052.318	173.0093	1.001457	0.2665216	5.887585
4908	-5880.029	-6052.308	172.2797	0.9678099	0.2325492	6.351599
4914	-5880.168	-6052.936	172.7681	1.04915	0.2674293	5.992001
4920	-5885.577	-6059.016	173.4397	1.083632	0.2568271	5.620408
4926	-5876.358	-6049.199	172.8405	0.9748767	0.3481659	5.891714
4932	-5882.63	-6054.648	172.0184	0.9725685	0.2539335	6.459885
4938	-5883.308	-6056.606	173.297	1.075701	0.1980073	5.792384
4944	-5882.019	-6056.366	174.3465	1.182311	0.2264986	5.110618
4950	-5877.661	-6053.815	176.1539	1.293978	0.2153337	4.050559
4956	-5886.025	-6061.882	175.8575	1.245433	0.2083313	4.258127
4962	-5881.134	-6054.601	173.4667	1.094996	0.239513	5.624296
4968	-5888.319	-6062.853	174.5344	1.146745	0.2293656	5.021673
4974	-5884.227	-6059.145	174.9176	1.142388	0.2337191	4.804175
4980	-5894.62	-6069.531	174.911	1.213093	0.2042348	4.815004
4986	-5888.859	-6064.638	175.7789	1.194002	0.2282223	4.299803
4992	-5881.816	-6056.906	175.0901	1.09592	0.3031584	4.63635
4998	-5874.207	-6049.053	174.8458	1.095512	0.2661204	4.823088
5004	-5884.035	-6058.804	174.7696	1.007877	0.2661204	4.914383
5010	-5883.285	-6057.531	174.2459	1.063044	0.2256177	5.23363
5016	-5879.514	-6053.525	174.0107	1.06119	0.2782518	5.288841
5022	-5879.867	-6054.298	174.4313	1.09475	0.2864919	5.026356
5028	-5876.089	-6052.072	175.9833	1.194419	0.2492048	4.15162
5034	-5871.444	-6047.117	175.6733	1.194419	0.2420455	4.338037
5040	-5881.255	-6057.449	176.1943	1.139841	0.2264167	4.097565
5046	-5872.261	-6047.024	174.7625	1.139841	0.2337938	4.891939
5052	-5882.268	-6056.837	174.5693	1.106193	0.3266052	4.891939
5058	-5875.456	-6050.231	174.775	1.106193	0.2159525	4.931412
5064	-5875.323	-6048.864	173.5409	1.054472	0.2678436	5.565503
5070	-5881.866	-6056.465	174.5991	1.008639	0.2669218	5.007668
5076	-5871.146	-6043.751	172.6052	0.9786301	0.2274461	6.176479
5082	-5871.954	-6044.966	173.0117	1.02254	0.2373689	5.916195
5088	-5867.848	-6040.951	173.1033	1.011671	0.2053226	5.921405
5094	-5872.196	-6046.997	174.8005	1.151766	0.2053226	4.90903
5100	-5870.786	-6046.689	175.9031	1.20184	0.2485655	4.193916
5106	-5881.911	-6058.056	176.1452	1.249329	0.2485655	4.029086
5112	-5881.278	-6057.388	176.1107	1.230612	0.2693781	4.029086
5118	-5884.679	-6060.536	175.8571	1.241051	0.2305157	4.225255
5124	-5872.174	-6045.077	172.9029	0.9907594	0.222436	6.01532
5130	-5878.858	-6052.41	173.5517	1.043167	0.3374097	5.476968
5136	-5877.512	-6050.187	172.6749	1.024244	0.2686346	6.054726
5142	-5873.373	-6045.724	172.351	0.9271279	0.3014482	6.240891
5148	-5882.444	-6054.342	171.8974	1.068094	0.2535996	6.474169
5154	-5887.023	-6058.607	171.584	0.9047061	0.2766452	6.700746
5160	-5899.272	-6070.746	171.4735	0.959449	0.2314195	6.794113
5166	-5889.758	-6061.271	171.5129	0.8911298	0.2421177	6.794113
5172	-5885.136	-6055.423	170.2872	0.9282159	0.2630249	7.404285
5178	-5881.865	-6055.83	173.9653	1.007323	0.2542818	5.376859
5184	-5881.542	-6056.262	174.7199	1.151061	0.2706556	4.855995
5190	-5884.807	-6059.692	174.8845	1.179224	0.2139991	4.832829
5196	-5885.759	-6059.432	173.6729	0.9908931	0.2680659	5.527566
5202	-5895.863	-6068.824	172.9602	0.9942636	0.3157025	5.854432
5208	-5899.677	-6070.704	171.027	0.9226119	0.2848202	6.980806
5214	-5885.044	-6056.373	171.3294	0.9286172	0.2352987	6.882757
5220	-5880.627	-6052.498	171.8718	0.9075122	0.2386917	6.596283
5226	-5885.299	-6056.685	171.3862	0.9499052	0.2540129	6.81394
5232	-5899.697	-6072.92	173.2223	1.113331	0.1898906	5.826211
5238	-5906.469	-6079.683	173.2135	1.053559	0.1782522	5.883615
5244	-5887.758	-6060.187	172.4292	1.038788	0.2512793	6.204699
5250	-5881.25	-6054.949	173.6988	1.118007	0.2362324	5.488974
5256	-5877.76	-6051.716	173.9566	1.079735	0.2693976	5.320553
5262	-5889.738	-6063.537	173.7996	0.942096	0.2759152	5.474034
5268	-5876.243	-6050.593	174.3502	1.032631	0.2888622	5.102677
5274	-5893.508	-6067.472	173.9648	1.042396	0.250733	5.362894
5280	-5885.884	-6059.628	173.7447	1.107908	0.239862	5.463892
5286	-5881.569	-6054.607	173.0373	0.9841331	0.239862	5.919531
5292	-5881.29	-6055.13	173.8398	1.098645	0.2504717	5.401182
