Iteration	Posterior	Likelihood	Prior	rate_log_sd	rate_neo	tree_length
0	-5888.172	-6062.207	174.0352	1.01412	0.3350203	5.229185
6	-5889.218	-6063.327	174.109	1.032095	0.2699739	5.26192
12	-5897.133	-6069.88	172.7471	1.032095	0.2433597	6.046597
18	-5901.588	-6074.659	173.0702	0.9963851	0.2433597	5.889741
24	-5880.577	-6055.618	175.0415	1.084095	0.2994241	4.675052
30	-5881.971	-6054.166	172.1954	1.012604	0.2378483	6.365242
36	-5884.991	-6059.686	174.6948	1.137696	0.2571832	4.896402
42	-5892.822	-6066.755	173.9329	1.147996	0.2070937	5.388703
48	-5896.52	-6070.11	173.59	1.068296	0.2547859	5.549145
54	-5900.699	-6073.073	172.3746	1.028148	0.2161614	6.292149
60	-5888.361	-6061.143	172.7819	1.007925	0.2864165	5.981521
66	-5885.138	-6057.971	172.8325	1.013558	0.2864165	5.950852
72	-5879.607	-6052.791	173.1842	1.013558	0.2673237	5.784198
78	-5877.727	-6050.351	172.624	0.9774347	0.2508715	6.13266
84	-5883.037	-6055.48	172.4434	0.9385444	0.2571909	6.243132
90	-5882.527	-6054.842	172.3158	0.9137317	0.2616147	6.319801
96	-5893.611	-6068.92	175.3087	1.071886	0.2815301	4.555947
102	-5893.96	-6066.759	172.7991	1.020704	0.2775161	5.976983
108	-5898.466	-6071.053	172.5874	1.034244	0.2673205	6.098753
114	-5887.204	-6060.818	173.6141	1.054304	0.3362085	5.437914
120	-5888.096	-6062.139	174.0431	1.082459	0.3362085	5.185603
126	-5882.307	-6054.759	172.4521	1.02806	0.3031067	6.128858
132	-5878.492	-6052.537	174.0445	1.018379	0.3020794	5.262497
138	-5882.762	-6056.841	174.0788	1.085462	0.3055987	5.201957
144	-5878.07	-6052.901	174.8303	1.143026	0.3070429	4.750355
150	-5878.803	-6053.644	174.8407	1.186951	0.3232142	4.699566
156	-5878.198	-6053.751	175.5533	1.108855	0.2005632	4.519828
162	-5879.883	-6055.846	175.9626	1.28353	0.1968827	4.196204
168	-5883.992	-6058.798	174.8063	1.248276	0.3355121	4.669413
174	-5883.463	-6059.234	175.7714	1.182322	0.2587061	4.264772
180	-5890.354	-6064.587	174.2327	1.118527	0.3024523	5.102446
186	-5878.168	-6053.186	175.0183	1.088578	0.2446379	4.761634
192	-5883.122	-6055.599	172.4772	1.050616	0.2915186	6.117694
198	-5883.314	-6057.267	173.9529	1.022077	0.2298921	5.411433
204	-5883.743	-6059.615	175.8716	1.228567	0.2664111	4.170604
210	-5877.336	-6052.28	174.9446	1.077313	0.3028975	4.728562
216	-5877.419	-6051.159	173.7401	1.113404	0.3028975	5.377018
222	-5878.072	-6051.972	173.9006	1.056237	0.2603212	5.377018
228	-5880.485	-6054.338	173.8536	1.049119	0.2821167	5.377018
234	-5880.134	-6054.447	174.3134	1.049119	0.2903678	5.111898
240	-5880.839	-6055.267	174.4277	1.072402	0.2387223	5.107989
246	-5879.969	-6054.85	174.8813	1.11393	0.314356	4.728783
252	-5884.331	-6058.999	174.6683	1.108341	0.3443255	4.814193
258	-5887.246	-6062.128	174.882	1.161325	0.2957313	4.725899
264	-5890.193	-6065.432	175.2389	1.083987	0.2480011	4.635777
270	-5886.051	-6060.56	174.509	1.117651	0.3017069	4.950463
276	-5883.964	-6055.935	171.9711	0.9063121	0.2788491	6.487529
282	-5896.529	-6069.704	173.1745	0.9124054	0.3136506	5.784532
288	-5886.532	-6059.121	172.5892	0.9322965	0.3136556	6.093225
294	-5881.448	-6053.837	172.3895	1.03336	0.2004068	6.306211
300	-5878.094	-6050.974	172.8804	0.9329244	0.2381461	6.035602
306	-5885.141	-6057.431	172.2904	0.970286	0.253055	6.314807
312	-5881.352	-6055.721	174.3685	1.039273	0.253055	5.138207
318	-5882.711	-6056.434	173.7235	0.9876911	0.2570502	5.516855
324	-5879.239	-6052.631	173.392	0.9798176	0.2902014	5.658245
330	-5885.221	-6057.677	172.4564	0.9687376	0.3071011	6.153816
336	-5872.287	-6045.787	173.4994	1.014056	0.2538877	5.629958
342	-5871.612	-6045.4	173.7885	1.023646	0.2015716	5.545603
348	-5875.256	-6048.143	172.8868	0.9776074	0.2114569	6.048329
354	-5876.648	-6049.476	172.8287	0.9776074	0.2321268	6.048329
360	-5875.057	-6048.214	173.1571	0.9794397	0.2885683	5.789273
366	-5882.693	-6055.481	172.788	1.01948	0.2394276	6.036883
372	-5892.62	-6065.068	172.4486	1.01948	0.2050728	6.274157
378	-5880.108	-6053.536	173.4277	0.9611401	0.2838936	5.657224
384	-5875.695	-6048.888	173.1929	1.009322	0.2838936	5.759455
390	-5877.482	-6050.245	172.7632	1.009322	0.2020386	6.113461
396	-5876.233	-6049.03	172.797	1.061836	0.1911971	6.084228
402	-5873.554	-6047.199	173.6446	1.131828	0.2540423	5.485255
408	-5879.575	-6051.91	172.3352	1.009746	0.2482473	6.275866
414	-5883.275	-6055.519	172.2448	1.0547	0.2688746	6.271863
420	-5887.854	-6060.883	173.0298	1.031168	0.2300899	5.912408
426	-5869.315	-6043.366	174.0503	1.064718	0.29455	5.243419
432	-5876.25	-6051.828	175.5785	1.064718	0.2090251	4.516453
438	-5875.912	-6049.452	173.5397	1.073265	0.164898	5.718176
444	-5874.609	-6049.254	174.6442	1.042845	0.2613827	4.971362
450	-5871.452	-6043.717	172.265	0.9232862	0.1995586	6.434876
456	-5879.685	-6052.15	172.4649	1.004967	0.2241568	6.243438
462	-5880.401	-6052.478	172.0768	0.9273845	0.2671419	6.434485
468	-5875.183	-6048.895	173.7119	0.9550412	0.2819697	5.507034
474	-5876.45	-6048.992	172.5424	0.9550412	0.2844574	6.143452
480	-5890.317	-6063.66	173.3424	1.048644	0.2690877	5.675941
486	-5883.45	-6056.958	173.5082	1.051466	0.2355621	5.631266
492	-5879.512	-6052.657	173.1446	1.064709	0.3314931	5.695739
498	-5883.285	-6056.894	173.6088	1.000735	0.297045	5.518818
504	-5884.258	-6057.788	173.5304	0.9755411	0.2111544	5.698174
510	-5888.932	-6062.275	173.343	0.9951982	0.2684453	5.705782
516	-5884.455	-6057.197	172.7423	0.9850889	0.2856802	6.016572
522	-5883.314	-6057.31	173.9958	1.106948	0.2697113	5.283446
528	-5892.259	-6064.998	172.7397	1.068356	0.2580293	6.009995
534	-5883.247	-6056.838	173.591	1.064775	0.2820435	5.513054
540	-5880.358	-6052.995	172.6365	0.9150588	0.2245089	6.198484
546	-5881.715	-6054.227	172.5119	0.8426363	0.3021006	6.198484
552	-5884.484	-6056.281	171.7971	0.8109106	0.2762335	6.636799
558	-5883.472	-6057.326	173.8533	0.9618646	0.2947333	5.408626
564	-5885.832	-6058.163	172.331	0.8635425	0.35848	6.218296
570	-5883.698	-6055.51	171.8111	0.89202	0.252927	6.617162
576	-5883.804	-6055.877	172.0725	0.9358418	0.2839398	6.409826
582	-5885.316	-6057.769	172.453	1.006952	0.2521771	6.207773
588	-5892.82	-6066.558	173.7375	0.9761186	0.2268313	5.559873
594	-5883.909	-6057.347	173.4381	1.029153	0.2465121	5.665871
600	-5877.846	-6050.947	173.1012	0.9998137	0.298016	5.796506
606	-5877.142	-6049.651	172.5091	1.006073	0.263228	6.162342
612	-5888.196	-6062.94	174.7437	1.110027	0.2428318	4.90547
618	-5892.995	-6068.365	175.3696	1.230562	0.1920609	4.569096
624	-5893.094	-6068.749	175.6547	1.228351	0.2010968	4.394514
630	-5901.218	-6073.441	172.2234	1.130983	0.3964781	6.08986
636	-5889.562	-6063.325	173.7634	1.130983	0.2176258	5.474672
642	-5890.92	-6064.764	173.8436	0.9902579	0.2395416	5.474672
648	-5882.589	-6056.027	173.4374	1.094724	0.2204481	5.669255
654	-5891.476	-6063.842	172.3656	1.068114	0.2520912	6.222201
660	-5884.534	-6058.615	174.0814	1.084522	0.2434096	5.285957
666	-5888.106	-6061.505	173.3985	1.068307	0.1888906	5.756069
672	-5885.872	-6060.234	174.3616	1.074427	0.2504459	5.126294
678	-5878.183	-6052.228	174.0445	1.070914	0.2362985	5.324372
684	-5872.359	-6045.958	173.5992	1.070914	0.2351182	5.57125
690	-5876.992	-6050.001	173.0091	1.041562	0.2278001	5.921532
696	-5885.426	-6058.35	172.9235	0.9872573	0.2246504	6.00265
702	-5887.894	-6061.056	173.1618	0.9947265	0.2216372	5.873085
708	-5886.526	-6060.687	174.1618	1.14216	0.2309839	5.228199
714	-5886.749	-6059.865	173.1161	0.9711232	0.2594407	5.855603
720	-5886.233	-6059.231	172.9982	1.046374	0.2764661	5.855603
726	-5878.21	-6052.737	174.5276	1.051222	0.2629439	5.029278
732	-5875.28	-6049.158	173.8786	1.051222	0.3040811	5.333383
738	-5885.707	-6059.591	173.8836	1.044307	0.3049276	5.333383
744	-5879.933	-6053.789	173.8561	1.072762	0.2797976	5.365717
750	-5875.18	-6049.098	173.9182	1.034607	0.2700813	5.365717
756	-5873.916	-6048.158	174.2417	1.126522	0.2252064	5.201494
762	-5873.695	-6047.542	173.8472	1.074487	0.2769847	5.373463
768	-5871.71	-6045.88	174.1708	1.008625	0.3583104	5.129819
774	-5873.158	-6047.418	174.2596	1.153078	0.257002	5.129819
780	-5875.699	-6049.262	173.5625	1.017763	0.3125291	5.51527
786	-5881.637	-6054.979	173.3415	1.043216	0.2505164	5.705348
792	-5881.757	-6055.129	173.3726	1.030386	0.2435961	5.705348
798	-5877.71	-6050.472	172.7617	0.9630247	0.2435961	6.075947
804	-5886.09	-6058.092	172.0024	1.008179	0.2919075	6.398278
810	-5895.257	-6066.65	171.3937	0.9402587	0.2506616	6.819747
816	-5882.373	-6055.665	173.2913	0.9307277	0.2645196	5.774814
822	-5886.965	-6061.114	174.1485	0.9764979	0.2673536	5.274447
828	-5882.363	-6056.851	174.4877	1.117578	0.2940723	4.972334
834	-5874.544	-6048.865	174.3203	1.067292	0.2103443	5.214143
840	-5876.497	-6049.067	172.5699	0.9612747	0.2407215	6.185461
846	-5877.011	-6049.517	172.5057	0.9612747	0.2654982	6.185461
852	-5881.002	-6053.551	172.5499	0.9400295	0.2654982	6.17297
858	-5877.026	-6051.378	174.352	1.02769	0.2590278	5.145238
864	-5887.319	-6059.563	172.244	1.02769	0.2589392	6.300608
870	-5882.584	-6056.051	173.4677	1.175067	0.255205	5.55709
876	-5880.297	-6053.027	172.7301	1.127463	0.2835253	5.948395
882	-5880.615	-6055.002	174.3875	1.091205	0.2563102	5.094231
888	-5889.025	-6063.362	174.3372	1.091205	0.2763277	5.094231
894	-5891.874	-6066.359	174.4857	1.111577	0.2127231	5.094231
900	-5882.465	-6056.609	174.1438	1.111577	0.2195587	5.272635
906	-5885.148	-6059.244	174.0956	1.15983	0.2195587	5.272635
912	-5884.216	-6057.777	173.5609	1.055022	0.2328289	5.604454
918	-5883.034	-6054.797	171.7631	0.8662809	0.224154	6.698882
924	-5872.511	-6045.897	173.3868	0.9537597	0.2286038	5.76175
930	-5877.483	-6048.66	171.177	0.9689717	0.1972184	7.001754
936	-5868.78	-6039.781	171.001	1.006872	0.2462701	7.001754
942	-5863.956	-6035.322	171.3663	0.8607423	0.2913907	6.822788
948	-5865.458	-6038.378	172.9203	0.9463909	0.2496475	5.989824
954	-5867.499	-6039.591	172.0926	1.014073	0.2535207	6.39774
960	-5866.577	-6037.982	171.4047	0.8582102	0.2626975	6.841385
966	-5868.074	-6040.72	172.6451	1.052897	0.3747648	5.925856
972	-5866.092	-6040.394	174.3022	1.191629	0.2400541	5.109487
978	-5870.979	-6045.99	175.0112	1.192016	0.2052684	4.769145
984	-5868.251	-6042.495	174.2439	1.133492	0.1981219	5.239758
990	-5875.808	-6049.278	173.4705	1.010266	0.2547009	5.646765
996	-5877.553	-6050.566	173.0132	0.9459141	0.2779526	5.900335
1002	-5879.364	-6051.612	172.2481	0.9367031	0.2511988	6.358617
1008	-5878.299	-6050.887	172.588	0.9120295	0.2912458	6.133209
1014	-5882.959	-6054.117	171.1576	0.9081686	0.2920798	6.908902
1020	-5880.177	-6052.649	172.4723	0.9081686	0.2257215	6.28962
1026	-5879.408	-6052.085	172.6765	0.928362	0.2446701	6.139669
1032	-5882.373	-6055.976	173.6032	1.047237	0.1888598	5.655514
1038	-5880.385	-6054.432	174.0475	1.011507	0.2535618	5.330274
1044	-5883.419	-6056.635	173.2164	1.007936	0.2535618	5.788886
1050	-5881.037	-6055.379	174.3418	1.065065	0.2509826	5.141657
1056	-5882.179	-6056.106	173.9271	1.076172	0.2730959	5.333744
1062	-5890.387	-6062.469	172.0817	1.015706	0.2522811	6.404547
1068	-5883.215	-6056.532	173.3167	1.031686	0.2921116	5.668595
1074	-5886.946	-6060.921	173.9746	1.069917	0.3034593	5.270897
1080	-5880.905	-6056.641	175.7361	1.14786	0.2718414	4.285532
1086	-5879.028	-6054.439	175.4112	1.163227	0.268773	4.464618
1092	-5865.698	-6039.924	174.2261	1.126912	0.268773	5.146331
1098	-5874.081	-6047.539	173.4578	1.120618	0.2972361	5.535706
1104	-5878.114	-6053.3	175.1861	1.1177	0.2578307	4.632203
1110	-5876.514	-6052.759	176.2451	1.173115	0.259209	3.99981
1116	-5878.979	-6054.548	175.5691	1.218124	0.259209	4.358241
1122	-5873.007	-6047.045	174.0386	1.146443	0.2317706	5.292736
1128	-5866.911	-6041.568	174.6567	1.107138	0.3041509	4.870982
1134	-5870.078	-6045.332	175.2544	1.110641	0.279495	4.567423
1140	-5874.225	-6047.348	173.1232	1.02913	0.2791667	5.793035
1146	-5867.464	-6041.918	174.4537	1.01399	0.2838253	5.062274
1152	-5875.02	-6047.852	172.8322	0.9870783	0.2141034	6.068759
1158	-5877.089	-6050.85	173.761	0.9843555	0.2531497	5.503642
1164	-5873.677	-6047.298	173.6206	1.024378	0.2645942	5.542734
1170	-5884.97	-6059.42	174.4503	1.120984	0.1904613	5.14537
1176	-5876.363	-6050.776	174.4134	1.155454	0.2430346	5.063481
1182	-5877.237	-6052.484	175.2467	1.086103	0.2496021	4.627843
1188	-5882.126	-6057.936	175.8098	1.207785	0.2204264	4.286811
1194	-5896.22	-6071.148	174.9289	1.146804	0.2376617	4.789435
1200	-5889.96	-6064.094	174.1334	1.119648	0.2051438	5.296929
1206	-5884.175	-6058.223	174.0487	1.117364	0.2587982	5.263719
1212	-5907.195	-6079.868	172.6724	0.9362284	0.3138776	6.045456
1218	-5886.889	-6061.137	174.2482	1.062235	0.2322629	5.22272
1224	-5891.736	-6064.999	173.263	1.087855	0.1838276	5.82817
1230	-5888.827	-6062.449	173.6219	1.058756	0.2682045	5.518119
1236	-5891.732	-6065.916	174.1833	1.080521	0.3497121	5.09303
1242	-5887.958	-6061.787	173.8284	1.003999	0.2509552	5.45885
1248	-5879.668	-6053.366	173.6973	1.016941	0.2988962	5.45885
1254	-5877.785	-6051.839	174.0538	1.102728	0.2191489	5.327845
1260	-5871.767	-6046.901	175.1338	1.153654	0.2827894	4.606522
1266	-5868.626	-6043.694	175.0679	1.144525	0.2827894	4.648548
1272	-5872.811	-6048.635	175.824	1.180713	0.223822	4.288692
1278	-5870.392	-6045.017	174.6257	1.180713	0.1924687	5.01152
1284	-5869.077	-6042.028	172.951	1.073645	0.2577952	5.892093
1290	-5867.153	-6040.859	173.7061	0.9985268	0.2787874	5.490564
1296	-5876.385	-6048.51	172.1255	0.9316606	0.2328667	6.454374
1302	-5887.076	-6059.48	172.4037	0.938098	0.2414503	6.287378
1308	-5886.95	-6058.422	171.4726	0.9121886	0.2283113	6.824736
1314	-5887.82	-6060.056	172.2357	1.022145	0.2393308	6.336011
1320	-5888.486	-6061	172.5145	0.9420932	0.293907	6.153419
1326	-5877.565	-6049.819	172.2538	0.9537824	0.3593783	6.210189
1332	-5873.331	-6045.61	172.2785	0.9869544	0.2805993	6.274653
1338	-5874.035	-6046.138	172.1034	0.9277926	0.2907133	6.388666
1344	-5873.101	-6046.136	173.0355	0.947466	0.2462092	5.931317
1350	-5876.768	-6050.216	173.4475	1.095418	0.2462092	5.62483
1356	-5887.38	-6062.04	174.6606	1.088259	0.3208358	4.858194
1362	-5887.565	-6061.772	174.2071	1.214364	0.3684171	4.983998
1368	-5880.559	-6055.555	174.9962	1.194131	0.2232618	4.747486
1374	-5881.489	-6056.447	174.9579	1.128572	0.2622684	4.747486
1380	-5881.288	-6056.299	175.0112	1.158542	0.2447771	4.726293
1386	-5875.389	-6048.932	173.5435	0.9969028	0.2447771	5.628255
1392	-5882.637	-6057.329	174.6923	1.166843	0.2084366	4.955741
1398	-5881.68	-6057.314	175.6344	1.14838	0.2927623	4.314104
1404	-5884.686	-6060.559	175.8723	1.175697	0.2927623	4.163751
1410	-5893.239	-6068.708	175.4689	1.129221	0.292567	4.418635
1416	-5892.13	-6067.552	175.4221	1.24816	0.2092898	4.500768
1422	-5883.893	-6058.737	174.8439	1.118004	0.2268069	4.869454
1428	-5887.504	-6062.759	175.2555	1.045132	0.2541636	4.639262
1434	-5879.25	-6054.345	175.0957	1.179119	0.249077	4.661139
1440	-5872.207	-6047.255	175.048	1.179119	0.2087755	4.750085
1446	-5867.878	-6043.197	175.3189	1.079184	0.2948738	4.528153
1452	-5867.022	-6042.491	175.4692	1.185408	0.2257341	4.483257
1458	-5873.228	-6048.395	175.1665	1.140936	0.2940525	4.580203
1464	-5866.397	-6040.719	174.3227	1.135564	0.2424959	5.125613
1470	-5863.326	-6037.777	174.451	1.021648	0.2371044	5.125613
1476	-5854.757	-6029.119	174.3619	1.101843	0.2404292	5.125613
1482	-5870.89	-6044.187	173.2972	1.101843	0.3708137	5.546218
1488	-5867.651	-6040.788	173.1373	0.9306478	0.2609722	5.863987
1494	-5874.591	-6049.514	174.9229	1.14794	0.2382211	4.791331
1500	-5874.251	-6048.363	174.1117	1.162498	0.2799381	5.174755
1506	-5879.372	-6054.388	175.0161	1.162498	0.2944286	4.651908
1512	-5873.434	-6049.052	175.618	1.227172	0.2116357	4.39844
1518	-5866.228	-6041.266	175.0384	1.211118	0.2348398	4.696548
1524	-5871.652	-6046.466	174.8141	1.08726	0.3131211	4.782837
1530	-5873.964	-6049.185	175.2209	1.160486	0.2391532	4.616175
1536	-5875.595	-6050.888	175.293	1.160486	0.2418139	4.571709
1542	-5872.529	-6048.555	176.0255	1.254984	0.2647576	4.070393
1548	-5873.516	-6049.936	176.42	1.275969	0.2732216	3.820358
1554	-5872.008	-6047.521	175.5132	1.240677	0.2977047	4.323882
1560	-5874.25	-6050.153	175.9026	1.240677	0.2290491	4.201943
1566	-5872.65	-6047.378	174.7277	1.191607	0.2734449	4.82518
1572	-5881.943	-6056.852	174.9087	1.089153	0.2621432	4.797135
1578	-5887.688	-6062.291	174.6027	1.069801	0.2379367	5.013533
1584	-5881.371	-6055.813	174.4419	1.099703	0.2916372	5.01088
1590	-5871.245	-6046.298	175.053	1.168552	0.2378173	4.70769
1596	-5873.516	-6049.2	175.6845	1.168552	0.2694001	4.306482
1602	-5878.953	-6054.221	175.2681	1.193481	0.2072237	4.621386
1608	-5884.519	-6060.314	175.7952	1.183381	0.2389965	4.279965
1614	-5893.5	-6068.475	174.976	1.231021	0.2165734	4.74876
1620	-5895.03	-6068.268	173.2385	1.036307	0.2578245	5.755217
1626	-5894.177	-6067.861	173.6841	1.090867	0.2653805	5.470119
1632	-5892.114	-6065.36	173.2458	1.057556	0.2653805	5.729085
1638	-5895.356	-6067.973	172.617	1.041361	0.2262489	6.137745
1644	-5885.901	-6056.791	170.8906	0.9634932	0.3158636	6.993336
1650	-5884.151	-6055.692	171.5401	0.918282	0.2784999	6.71466
1656	-5872.653	-6045.169	172.5164	1.011017	0.3094447	6.095209
1662	-5878.188	-6050.975	172.7872	0.9986111	0.2759931	5.99756
1668	-5879.598	-6051.967	172.3694	0.8923901	0.3531628	6.187739
1674	-5878.329	-6050.068	171.7382	0.9729415	0.2107034	6.675405
1680	-5885.106	-6057.722	172.6165	0.9650508	0.1988755	6.222501
1686	-5887.175	-6058.997	171.8215	0.9650508	0.2455671	6.582446
1692	-5885.991	-6057.472	171.4811	0.8443524	0.2866967	6.775721
1698	-5882.175	-6053.221	171.0461	0.8443524	0.2366035	7.078847
1704	-5881.306	-6054.839	173.5333	0.986857	0.2366035	5.651392
1710	-5867.916	-6041.118	173.2017	0.986857	0.2217605	5.855359
1716	-5878.267	-6051.352	173.0845	0.9972317	0.2229898	5.911846
1722	-5885.628	-6058.462	172.8342	1.017705	0.3146054	5.911846
1728	-5874.347	-6047.719	173.3721	0.985143	0.2744832	5.687105
1734	-5876.501	-6049.282	172.7803	0.9621459	0.2744832	6.023201
1740	-5880.823	-6055.202	174.3785	1.024251	0.2653542	5.123541
1746	-5875.44	-6049.867	174.4271	1.131034	0.207994	5.123541
1752	-5870.688	-6045.713	175.0246	1.131034	0.20185	4.801394
1758	-5871.466	-6046.458	174.9922	1.142797	0.2088454	4.801394
1764	-5883.667	-6057.737	174.0697	1.068511	0.2692893	5.264451
1770	-5884.03	-6057.601	173.5703	1.050248	0.2692893	5.549675
1776	-5881.095	-6053.848	172.7526	0.879493	0.2733795	6.084822
1782	-5886.91	-6059.503	172.5928	1.011966	0.2845795	6.084822
1788	-5885.683	-6059.418	173.7355	1.118873	0.266989	5.424225
1794	-5885.37	-6057.927	172.5569	1.020681	0.2174089	6.195237
1800	-5882.606	-6055.27	172.664	1.069335	0.2118244	6.119184
1806	-5874.861	-6049.143	174.2825	1.070097	0.2321293	5.199567
1812	-5884.968	-6058.043	173.0757	1.055108	0.230089	5.874248
1818	-5877.253	-6050.928	173.6754	1.036297	0.2114837	5.584795
1824	-5871.695	-6043.798	172.1032	1.028848	0.2362195	6.40883
1830	-5872.562	-6045.374	172.8119	0.8942789	0.239566	6.091915
1836	-5873.846	-6045.016	171.1701	0.9218217	0.2393231	6.966433
1842	-5872.437	-6043.286	170.8491	0.8912224	0.206889	7.204496
1848	-5885.818	-6058.133	172.3146	1.054872	0.3458816	6.137539
1854	-5873.824	-6047.17	173.3462	1.0425	0.2332756	5.728382
1860	-5871.672	-6046.221	174.5483	1.049464	0.2719684	5.006176
1866	-5875.966	-6049.773	173.8068	1.049464	0.2719684	5.416313
1872	-5878.323	-6052.026	173.7037	1.02254	0.2542795	5.512505
1878	-5878.962	-6053.906	174.944	1.092588	0.2401827	4.807463
1884	-5881.411	-6055.094	173.6828	1.053562	0.2528085	5.509055
1890	-5880.04	-6053.651	173.6117	1.035337	0.2332306	5.586776
1896	-5878.401	-6052.277	173.8758	1.022369	0.2332306	5.448696
1902	-5872.49	-6045.94	173.45	0.9672803	0.2395848	5.703355
1908	-5883.651	-6059.034	175.383	1.139186	0.3737246	4.361579
1914	-5892.632	-6066.113	173.4811	0.9400803	0.2264804	5.720853
1920	-5885.63	-6059.299	173.6683	1.027511	0.2115909	5.593367
1926	-5889.816	-6062.908	173.0914	1.158826	0.2327889	5.804931
1932	-5881.318	-6054.129	172.811	0.9899048	0.2975525	5.961063
1938	-5894.426	-6068.054	173.6284	1.078215	0.2847614	5.481473
1944	-5888.126	-6061.995	173.8692	1.078215	0.2782356	5.357551
1950	-5885.057	-6058.855	173.7976	1.032047	0.2265463	5.496487
1956	-5879.898	-6053.379	173.4811	1.03363	0.2139283	5.689002
1962	-5883.942	-6058.202	174.2603	1.169252	0.2559232	5.122031
1968	-5892.032	-6066.429	174.3976	1.066238	0.2428253	5.122031
1974	-5878.044	-6050.351	172.3072	0.9489385	0.2604632	6.306946
1980	-5886.806	-6059.231	172.425	1.012947	0.2554705	6.215099
1986	-5886.485	-6058.794	172.3092	0.9721096	0.2051907	6.375385
1992	-5885.345	-6059.557	174.2119	1.167337	0.2566435	5.148853
1998	-5882.066	-6057.436	175.37	1.226642	0.2508816	4.477788
2004	-5870.923	-6046.082	175.1596	1.125972	0.1959261	4.738736
2010	-5872.412	-6046.029	173.6161	1.125972	0.1998509	5.586875
2016	-5874.076	-6047.192	173.1159	0.9987255	0.2561961	5.845187
2022	-5880.771	-6053.647	172.8761	0.9769715	0.2257891	6.032375
2028	-5885.964	-6058.1	172.136	1.093586	0.2507685	6.334962
2034	-5882.951	-6054.906	171.9549	0.9349197	0.2854462	6.472124
2040	-5890.298	-6064.232	173.9332	1.082164	0.2611047	5.343653
2046	-5888.15	-6062.825	174.675	1.066347	0.2370755	4.976569
2052	-5885.573	-6057.182	171.6092	1.030663	0.2858153	6.606965
2058	-5885.496	-6057.602	172.1052	0.9319257	0.2860605	6.391454
2064	-5884.406	-6056.348	171.9417	0.9779853	0.1898517	6.5963
2070	-5888.217	-6060.707	172.4904	0.9779853	0.2048281	6.274375
2076	-5882.729	-6055.804	173.0757	1.023937	0.2210109	5.905084
2082	-5891.045	-6064.197	173.1525	1.065044	0.2192018	5.84346
2088	-5893.27	-6065.915	172.6446	1.040305	0.3083349	6.01075
2094	-5889.661	-6062.91	173.2488	1.040305	0.2176847	5.806692
2100	-5887.855	-6061.33	173.4751	1.127628	0.2205865	5.630354
2106	-5883.464	-6057.225	173.7612	0.9575691	0.2091793	5.584585
2112	-5885.024	-6057.986	172.9622	0.9575691	0.2091793	6.021743
2118	-5882.303	-6054.639	172.336	0.9368093	0.2510665	6.31106
2124	-5891.633	-6064.519	172.8861	0.9927517	0.2557314	5.97459
2130	-5890.145	-6063.726	173.5812	1.07845	0.256424	5.54612
2136	-5894.367	-6067.896	173.5286	1.053503	0.1991919	5.675731
2142	-5897.374	-6073.536	176.1621	1.200179	0.2231942	4.08668
2148	-5897.353	-6072.206	174.853	1.180966	0.2707699	4.764869
2154	-5893.299	-6067.068	173.7695	1.099037	0.2422144	5.451694
2160	-5894.759	-6069.309	174.5502	1.150843	0.2158514	5.03172
2166	-5886.11	-6059.541	173.4305	1.044656	0.2458138	5.662548
2172	-5885.89	-6058.521	172.6318	0.9510413	0.2980729	6.079328
2178	-5892.625	-6064.134	171.5089	1.042595	0.1974257	6.782809
2184	-5887.073	-6060.005	172.9324	0.9757035	0.305898	5.891984
2190	-5890.409	-6063.42	173.0114	1.063748	0.2386557	5.891984
2196	-5890.276	-6062.08	171.8048	1.00165	0.2543173	6.559312
2202	-5874.934	-6046.688	171.7546	0.9303955	0.304036	6.559312
2208	-5871.738	-6043.711	171.9727	0.9758339	0.202934	6.559312
2214	-5874.414	-6047.615	173.2003	0.9758339	0.2788149	5.780497
2220	-5867.377	-6040.47	173.0932	1.041358	0.2961641	5.780497
2226	-5862.69	-6034.903	172.2129	0.964567	0.2691103	6.337854
2232	-5871.235	-6043.23	171.9954	0.8969999	0.2852895	6.470941
2238	-5870.52	-6043.076	172.5562	0.9308833	0.2504461	6.195511
2244	-5878.048	-6050.371	172.3224	0.9493094	0.2617452	6.296712
2250	-5877.465	-6050.341	172.8758	0.9461639	0.2983727	5.948566
2256	-5874.412	-6047.381	172.9691	0.9223483	0.291549	5.919374
2262	-5864.652	-6037.756	173.1037	0.9965952	0.2316897	5.888564
2268	-5875.174	-6049.621	174.4472	1.104351	0.2730156	5.030445
2274	-5866.953	-6040.992	174.0387	1.095794	0.2538479	5.28821
2280	-5868.565	-6042.675	174.1094	1.0288	0.2547292	5.284855
2286	-5882.724	-6056.353	173.6293	1.087794	0.2146616	5.576785
2292	-5874.382	-6048.765	174.3821	1.087794	0.2218919	5.150355
2298	-5876.56	-6050.538	173.9776	1.080079	0.3038193	5.263126
2304	-5883.114	-6058.641	175.5267	1.182466	0.2371746	4.434929
2310	-5881.789	-6057.358	175.5692	1.132664	0.239863	4.434929
2316	-5872.194	-6045.417	173.2225	1.063148	0.1993162	5.837874
2322	-5874.19	-6048.28	174.0903	1.070933	0.2426088	5.289693
2328	-5874.895	-6049.001	174.1061	1.055167	0.2426127	5.289693
2334	-5881.43	-6054.35	172.9204	0.9712561	0.2842872	5.928777
2340	-5880.865	-6053.962	173.0968	1.020413	0.2143249	5.905913
2346	-5871.973	-6046.329	174.3565	1.053756	0.2562597	5.13225
2352	-5873.773	-6048.277	174.5048	1.103765	0.2900081	4.975827
2358	-5874.752	-6050.33	175.5779	1.191357	0.3451106	4.255332
2364	-5872.403	-6048.039	175.6367	1.214821	0.2868661	4.283155
2370	-5873.548	-6049.745	176.1968	1.161033	0.3278536	3.941404
2376	-5877.989	-6054.153	176.1637	1.258949	0.2942928	3.948023
2382	-5878.309	-6054.709	176.4001	1.258949	0.2425885	3.886756
2388	-5882.707	-6058.594	175.8875	1.284619	0.244653	4.16161
2394	-5884.022	-6059.153	175.1314	1.196908	0.2372186	4.648847
2400	-5893.514	-6066.267	172.7532	1.122883	0.3409762	5.866886
2406	-5890.066	-6061.962	171.8959	0.8965077	0.2293879	6.60291
2412	-5882.906	-6056.348	173.4417	0.9937896	0.2236006	5.717387
2418	-5900.417	-6072.701	172.2834	0.9826037	0.2236006	6.354997
2424	-5898.631	-6071.955	173.3244	0.9812212	0.2084121	5.812253
2430	-5882.428	-6056.209	173.7812	1.105561	0.2940457	5.370078
2436	-5875.847	-6049.575	173.7284	1.105561	0.3169498	5.370078
2442	-5879.875	-6053.807	173.9313	1.089984	0.2536673	5.350948
2448	-5880.618	-6054.964	174.3459	1.04717	0.2662944	5.127632
2454	-5876.191	-6050.319	174.1282	1.153069	0.3106495	5.130767
2460	-5881.661	-6054.762	173.1017	1.126109	0.2555879	5.784119
2466	-5890.562	-6063.9	173.3372	1.114351	0.2555879	5.661505
2472	-5879.95	-6055.08	175.1297	1.114351	0.2403119	4.691351
2478	-5881.842	-6056.454	174.6113	1.114351	0.2947765	4.904409
2484	-5884.247	-6056.716	172.4695	1.015559	0.2078417	6.260502
2490	-5871.367	-6045.041	173.674	0.995355	0.260086	5.535629
2496	-5877.486	-6049.326	171.8404	1.011338	0.2159446	6.591178
2502	-5887.692	-6060.516	172.8233	0.9468434	0.2458625	6.047921
2508	-5883.31	-6055.985	172.6749	0.9798317	0.2920077	6.047921
2514	-5886.686	-6059.79	173.1041	1.045832	0.3160742	5.747003
2520	-5885.91	-6059.695	173.7855	1.027013	0.2813192	5.42778
2526	-5888.191	-6063.038	174.8476	1.077648	0.2957743	4.791834
2532	-5890.617	-6064.457	173.8406	1.077648	0.2635954	5.393707
2538	-5887.336	-6059.99	172.6539	1.028539	0.3511854	5.960813
2544	-5883.537	-6057.417	173.8796	1.036216	0.2876002	5.362513
2550	-5884.346	-6056.908	172.562	0.9699377	0.2797105	6.13094
2556	-5874.902	-6049.105	174.2031	1.067149	0.2675814	5.193821
2562	-5886.63	-6059.723	173.0932	0.9983921	0.3288299	5.76341
2568	-5881.829	-6053.599	171.7696	0.9254606	0.2711344	6.59653
2574	-5877.831	-6050.799	172.9681	0.9931486	0.2196297	5.982789
2580	-5881.481	-6053.958	172.4771	1.025193	0.2814554	6.14477
2586	-5881.491	-6055.28	173.7897	0.9906073	0.2483486	5.49129
2592	-5885.406	-6058.074	172.6679	0.9182519	0.2642113	6.122358
2598	-5889.646	-6060.875	171.2293	0.8807096	0.3308671	6.837431
2604	-5891.81	-6062.71	170.9002	0.9054412	0.3236719	7.010017
2610	-5877.643	-6049.776	172.1331	0.8742001	0.2838788	6.410468
2616	-5885.33	-6057.414	172.0838	0.8489962	0.2984215	6.432133
2622	-5887.909	-6059.604	171.6947	0.9490968	0.2993542	6.587476
2628	-5895.489	-6067.12	171.6308	0.9209655	0.2848455	6.655869
2634	-5893.432	-6066.441	173.0096	1.021786	0.180187	6.008898
2640	-5887.487	-6059.917	172.4302	1.021786	0.2353279	6.236441
2646	-5885.378	-6060.281	174.9037	1.066336	0.2353279	4.851876
2652	-5876.127	-6050.739	174.6116	1.09687	0.2542651	4.969582
2658	-5874.231	-6049.397	175.1668	1.182547	0.2520428	4.615027
2664	-5875.894	-6051.768	175.8741	1.182547	0.2610231	4.203094
2670	-5875.707	-6051.137	175.4302	1.145446	0.2130465	4.547851
2676	-5878.816	-6054.189	175.3736	1.111689	0.2458459	4.547851
2682	-5876.149	-6051.074	174.9244	1.157086	0.2083253	4.83208
2688	-5872.105	-6048.215	176.1093	1.194852	0.2575829	4.067274
2694	-5873.341	-6048.855	175.5142	1.178061	0.3281033	4.319714
2700	-5873.225	-6047.523	174.298	1.104256	0.2564916	5.136323
2706	-5877.5	-6051.116	173.6161	0.9808989	0.2253452	5.626161
2712	-5894.373	-6067.931	173.5582	1.038773	0.2253452	5.626161
2718	-5886.561	-6060.913	174.3529	1.12746	0.2787334	5.062129
2724	-5903.641	-6078.234	174.5926	1.185156	0.2737484	4.903631
2730	-5895.113	-6069.482	174.3684	0.9357778	0.3194858	5.107029
2736	-5893.264	-6067.632	174.3684	0.9357778	0.3194858	5.107029
2742	-5892.876	-6065.488	172.6112	1.025919	0.2502888	6.11406
2748	-5887.138	-6060.422	173.2848	1.099844	0.2265783	5.740717
2754	-5884.826	-6059.194	174.3684	0.9357778	0.3194858	5.107029
2760	-5885.953	-6060.321	174.3684	0.9357778	0.3194858	5.107029
2766	-5891.687	-6066.056	174.3684	0.9357778	0.3194858	5.107029
2772	-5892.046	-6066.415	174.3684	0.9357778	0.3194858	5.107029
2778	-5900.096	-6074.551	174.4548	1.065521	0.2319231	5.107029
2784	-5903.26	-6077.383	174.1227	1.101071	0.2261572	5.279901
2790	-5891.765	-6063.737	171.972	0.9713132	0.222048	6.532284
2796	-5892.265	-6065.519	173.2535	1.131598	0.1760737	5.822917
2802	-5879.994	-6055.312	175.3178	1.156112	0.2834998	4.500823
2808	-5881.705	-6057.096	175.3908	1.15336	0.2174078	4.558522
2814	-5886.846	-6062.355	175.5082	1.12599	0.1857483	4.560915
2820	-5891.162	-6065.293	174.1303	1.095515	0.2054179	5.311497
2826	-5885.709	-6059.833	174.124	1.012611	0.2370768	5.311497
2832	-5877.438	-6052.911	175.4729	1.148862	0.2475099	4.468607
2838	-5879.74	-6053.536	173.7961	1.078261	0.2843753	5.389648
2844	-5887.058	-6061.268	174.21	1.128959	0.1841742	5.284642
2850	-5884.574	-6058.682	174.108	1.101954	0.2210966	5.29533
2856	-5877.701	-6051.563	173.862	1.095514	0.2210966	5.434509
2862	-5877.252	-6051.368	174.1167	1.066548	0.2990341	5.199882
2868	-5886.569	-6059.659	173.089	0.9087176	0.2335523	5.941771
2874	-5874.843	-6048.875	174.0329	0.9846288	0.2784257	5.318629
2880	-5878.041	-6053.091	175.0505	1.141301	0.2312953	4.734247
2886	-5873.698	-6047.286	173.5881	1.029847	0.2932021	5.519173
2892	-5879.443	-6053.442	173.9991	1.069208	0.2520503	5.327289
2898	-5884.027	-6058.133	174.1065	0.9737471	0.2266769	5.358309
2904	-5891.791	-6063.638	171.8471	0.9912687	0.2266769	6.58207
2910	-5884.028	-6056.954	172.9259	1.069417	0.208467	5.981689
2916	-5884.628	-6057.522	172.8943	1.027749	0.2680495	5.933927
2922	-5879.684	-6053.411	173.7264	1.027749	0.2967063	5.439686
2928	-5871.495	-6045.968	174.4722	1.09386	0.2967063	4.990666
2934	-5871.111	-6045.757	174.6452	1.132892	0.2147358	4.990666
2940	-5874.01	-6047.49	173.4798	1.108351	0.2086246	5.657165
2946	-5876.413	-6050.331	173.9176	1.032182	0.2403203	5.409687
2952	-5871.446	-6045.804	174.3578	1.082025	0.2685365	5.098598
2958	-5863.346	-6037.391	174.0453	0.9920504	0.2679212	5.322013
2964	-5865.778	-6039.747	173.9687	1.02106	0.2452534	5.380441
2970	-5876.386	-6048.469	172.083	1.006277	0.2885711	6.359922
2976	-5878.683	-6050.956	172.2736	0.9562008	0.2334416	6.359922
2982	-5887.507	-6059.428	171.9204	0.8903492	0.2366395	6.582297
2988	-5892.573	-6064.966	172.393	0.9070874	0.2354432	6.318797
2994	-5876.553	-6048.805	172.2515	0.9601035	0.2694882	6.318797
3000	-5870.593	-6043.946	173.353	1.041408	0.2831788	5.655068
3006	-5874.885	-6047.455	172.5701	0.9505795	0.24756	6.181336
3012	-5875.237	-6048.217	172.9795	0.9918665	0.2748094	5.897832
3018	-5871.356	-6044.298	172.9413	0.9001162	0.2495773	6.00374
3024	-5870.197	-6042.497	172.3001	0.90131	0.3138216	6.267158
3030	-5878.484	-6050.144	171.6597	0.8272858	0.338479	6.624889
3036	-5879.705	-6051.376	171.6711	0.8305784	0.3317224	6.624889
3042	-5880.913	-6055.905	174.9923	1.073058	0.2055342	4.845642
3048	-5883.362	-6057.076	173.7133	1.103327	0.2168289	5.518695
3054	-5876.805	-6049.351	172.5465	1.027277	0.1898033	6.241674
3060	-5870.808	-6043.304	172.4963	0.9907278	0.2720681	6.165591
3066	-5873.998	-6047.512	173.5139	0.9566038	0.2402846	5.673154
3072	-5872.992	-6046.417	173.4251	0.9792253	0.265796	5.673154
3078	-5875.662	-6048.997	173.3349	1.122063	0.2008903	5.741558
3084	-5872.285	-6045.022	172.7374	0.9901223	0.2165809	6.114895
3090	-5868.809	-6043.113	174.304	1.039054	0.2549426	5.171323
3096	-5874.427	-6046.793	172.366	0.9966156	0.2474355	6.267442
3102	-5873.9	-6047.43	173.5293	1.002147	0.2421175	5.637057
3108	-5876.307	-6048.514	172.2076	0.9093943	0.2319222	6.42337
3114	-5875.163	-6049.179	174.0155	1.071769	0.2482032	5.322378
3120	-5879.114	-6052.78	173.6666	0.9002408	0.3035141	5.534027
3126	-5881.352	-6054.827	173.4746	1.072889	0.311938	5.534027
3132	-5872.763	-6047.222	174.4587	1.10376	0.2587912	5.044201
3138	-5876.503	-6051.164	174.661	1.126317	0.2801899	4.889532
3144	-5876.239	-6051.073	174.8334	1.097114	0.2251485	4.889532
3150	-5876.041	-6050.241	174.1998	1.166321	0.2251485	5.20276
3156	-5883.52	-6058.978	175.458	1.166321	0.2483486	4.465943
3162	-5890.197	-6066.307	176.1097	1.269113	0.2483486	4.038359
3168	-5894.49	-6069.202	174.7121	1.257546	0.1896342	4.925648
3174	-5887.056	-6060.348	173.2913	1.035443	0.2564237	5.728768
3180	-5873.238	-6046.58	173.3417	1.035443	0.2372738	5.728768
3186	-5877.484	-6050.903	173.4196	1.06649	0.2772303	5.612721
3192	-5882.663	-6054.486	171.823	0.9334794	0.2899036	6.538554
3198	-5879.423	-6051.365	171.9415	0.9445663	0.2799195	6.481395
3204	-5889.318	-6063.268	173.9505	1.07335	0.2814665	5.311048
3210	-5887.721	-6061.316	173.5944	1.07335	0.2264647	5.585599
3216	-5888.043	-6062.839	174.7968	1.136706	0.2230665	4.891099
3222	-5888.27	-6061.348	173.0778	1.036389	0.2372902	5.872631
3228	-5878.422	-6052.456	174.0341	0.9521569	0.2763311	5.338745
3234	-5877.764	-6050.679	172.9151	0.9853673	0.2043276	6.040039
3240	-5883.751	-6056.573	172.8227	1.051408	0.2474782	5.988891
3246	-5882.621	-6055.769	173.1472	1.096554	0.2877657	5.731632
3252	-5885.029	-6056.653	171.6243	0.8692329	0.2333301	6.758616
3258	-5879.039	-6050.768	171.7286	0.8692329	0.2355508	6.698966
3264	-5879.413	-6050.65	171.2375	0.911296	0.3018623	6.85173
3270	-5871.869	-6043.935	172.0665	0.9901683	0.1886706	6.524126
3276	-5869.696	-6041.528	171.8314	0.8811161	0.3205663	6.524126
3282	-5866.651	-6038.59	171.9389	0.8982414	0.3147184	6.463719
3288	-5873.01	-6045.904	172.8936	0.9714496	0.2376617	6.008111
3294	-5878.669	-6052.872	174.2033	1.087973	0.2203441	5.251612
3300	-5877.51	-6052.036	174.5252	1.083426	0.2146104	5.084936
3306	-5894.927	-6070.839	175.9117	1.311912	0.2668031	4.099829
3312	-5885.081	-6060.983	175.9028	1.236878	0.2572021	4.161442
3318	-5886.733	-6062.551	175.8186	1.139875	0.2313105	4.303122
3324	-5895.636	-6069.5	173.8636	1.16991	0.2094993	5.410963
3330	-5888.033	-6062.699	174.6663	1.118951	0.2465277	4.938126
3336	-5887.73	-6062.144	174.4146	1.087422	0.2151643	5.143166
3342	-5889.633	-6064.27	174.6367	1.190701	0.2083222	4.97358
3348	-5885.061	-6059.55	174.4889	1.185432	0.2369988	5.013914
3354	-5880.063	-6055.236	175.1725	1.185432	0.3146994	4.525042
3360	-5879.646	-6053.36	173.7138	1.07561	0.2245782	5.521628
3366	-5883.42	-6058.252	174.8323	1.082188	0.2323383	4.887367
3372	-5881.976	-6056.951	174.975	1.092038	0.2261114	4.811924
3378	-5881.309	-6055.006	173.6968	1.071158	0.1798461	5.606496
3384	-5884.36	-6058.093	173.7329	1.043813	0.210602	5.550496
3390	-5893.297	-6066.651	173.3542	0.9837081	0.2446307	5.739501
3396	-5883.546	-6056.635	173.0892	1.064475	0.3205095	5.739501
3402	-5887.214	-6062.162	174.948	1.147118	0.3047373	4.685203
3408	-5883.577	-6057.617	174.0406	1.097446	0.2398365	5.306619
3414	-5883.158	-6057.441	174.2825	1.113287	0.2374739	5.167632
3420	-5882.058	-6056.994	174.9361	1.130706	0.2763331	4.738873
3426	-5875.064	-6049.769	174.7056	1.106839	0.2425417	4.928871
3432	-5875.173	-6049.042	173.8689	1.106839	0.2232992	5.421077
3438	-5883.423	-6056.801	173.3782	1.078702	0.2908479	5.610694
3444	-5891.942	-6065.764	173.8218	1.111153	0.2698879	5.376921
3450	-5885.369	-6056.946	171.5768	0.9697142	0.2072701	6.769696
3456	-5881.823	-6055.614	173.7917	1.112685	0.2481007	5.423365
3462	-5884.618	-6058.729	174.1109	1.112685	0.2176941	5.293102
3468	-5884.607	-6059.07	174.4631	1.071996	0.2591648	5.058906
3474	-5881.629	-6054.036	172.407	1.011511	0.2214269	6.275512
3480	-5892.863	-6066.534	173.6708	1.024043	0.2233051	5.575564
3486	-5882.295	-6054.157	171.8621	1.001648	0.2920487	6.47773
3492	-5885.431	-6059.169	173.7379	1.219037	0.2251518	5.428584
3498	-5878.055	-6053.137	175.0823	1.19512	0.2177716	4.707477
3504	-5872.285	-6047.278	174.9933	1.130161	0.2761117	4.707477
3510	-5880.113	-6054.596	174.4837	1.14595	0.2527922	5.01552
3516	-5884.396	-6058.928	174.5318	1.177844	0.2678306	4.949764
3522	-5894.49	-6069.282	174.7919	1.167294	0.1791183	4.949764
3528	-5889.766	-6061.918	172.1519	1.035968	0.3071964	6.282687
3534	-5886.498	-6059.471	172.9725	1.032636	0.2346838	5.936079
3540	-5877.941	-6052.169	174.2282	1.162354	0.2868983	5.101004
3546	-5878.444	-6052.133	173.6891	0.9597514	0.2538985	5.555609
3552	-5871.904	-6044.348	172.4441	0.9571377	0.2692875	6.216037
3558	-5884.941	-6056.63	171.689	0.8700683	0.3001189	6.632387
3564	-5876.401	-6047.923	171.522	0.915923	0.285592	6.716426
3570	-5889.281	-6061.918	172.6365	0.9936773	0.3442188	5.997401
3576	-5884.441	-6057.27	172.8291	0.9500946	0.2788142	5.997401
3582	-5886.638	-6059.689	173.0511	1.082868	0.2792017	5.803065
3588	-5885.889	-6060.6	174.7112	1.130541	0.2403029	4.915886
3594	-5881.806	-6056.899	175.0931	1.154573	0.2364619	4.695133
3600	-5884.183	-6059.585	175.4016	1.146629	0.239753	4.521602
3606	-5886.359	-6060.846	174.4876	1.123528	0.2066347	5.096394
3612	-5887.487	-6059.862	172.3746	1.0235	0.3260702	6.145278
3618	-5871.064	-6044.175	173.1112	1.0235	0.2387988	5.859188
3624	-5887.27	-6060.487	173.2174	0.9705595	0.2482746	5.816313
3630	-5894.424	-6066.924	172.5	0.9901665	0.3057462	6.120108
3636	-5885.045	-6057.193	172.1477	0.9616234	0.3603944	6.262498
3642	-5875.37	-6047.685	172.3156	0.9616234	0.2849842	6.262498
3648	-5873.497	-6047.585	174.088	1.033196	0.1961142	5.384501
3654	-5869.135	-6043.163	174.0279	1.05414	0.2427033	5.333285
3660	-5875.27	-6048.728	173.4576	1.055241	0.2893912	5.581916
3666	-5873.552	-6047.17	173.6178	1.041018	0.2321533	5.581916
3672	-5878.476	-6052.185	173.7084	1.105347	0.2082075	5.533937
3678	-5880.515	-6054.708	174.1936	1.144174	0.2613698	5.165098
3684	-5888.281	-6062.224	173.9427	1.132843	0.277461	5.287912
3690	-5883.26	-6057.352	174.092	1.040601	0.223785	5.333843
3696	-5881.77	-6055.22	173.4505	1.096608	0.2295701	5.647106
3702	-5879.701	-6054.084	174.3831	1.083866	0.258159	5.098112
3708	-5886.63	-6059.23	172.6	0.9533078	0.2698178	6.13254
3714	-5901.865	-6074.39	172.5249	0.9231022	0.2321817	6.243259
3720	-5896.991	-6068.8	171.8091	0.9231022	0.2797062	6.565011
3726	-5889.762	-6063.334	173.5719	1.114823	0.2314222	5.567669
3732	-5898.591	-6073.808	175.2174	1.212294	0.2759002	4.536077
3738	-5888.872	-6065.16	176.2877	1.300029	0.2218826	3.960073
3744	-5878.888	-6053.628	174.7403	1.189898	0.2307412	4.881063
3750	-5886.893	-6061.751	174.8579	1.062456	0.2343465	4.881063
3756	-5888.986	-6061.79	172.8035	0.9446879	0.2995111	5.98734
3762	-5894.936	-6071.819	176.8829	1.440146	0.18184	3.605014
3768	-5890.201	-6067.71	177.5091	1.331604	0.2307265	3.217443
3774	-5894.749	-6072.274	177.525	1.457303	0.2281506	3.13763
3780	-5892.814	-6070.762	177.9483	1.412856	0.200882	2.957837
3786	-5891.222	-6067.79	176.5685	1.399429	0.2972799	3.629896
3792	-5884.527	-6057.224	172.697	0.9729006	0.2554666	6.088888
3798	-5894.281	-6067.002	172.7213	0.975677	0.2450952	6.088888
3804	-5894.459	-6069.017	174.5587	1.214326	0.2317575	4.966992
3810	-5886.435	-6058.648	172.2137	0.9291976	0.3556099	6.249653
3816	-5878.684	-6052.147	173.4631	1.060696	0.2660433	5.607287
3822	-5878.423	-6051.913	173.4903	1.058989	0.2483704	5.618191
3828	-5886.07	-6060.845	174.7753	1.116066	0.2581381	4.862226
3834	-5877.455	-6051.184	173.7292	1.02879	0.2401627	5.515515
3840	-5880.879	-6054.444	173.5648	1.076509	0.2861872	5.515515
3846	-5885.78	-6059.444	173.6643	1.051577	0.2561945	5.515515
3852	-5883.142	-6057.338	174.1963	1.036664	0.247047	5.243581
3858	-5885.353	-6059.404	174.0508	1.011336	0.3174145	5.243581
3864	-5883.289	-6056.563	173.2734	1.044894	0.2715621	5.712392
3870	-5889.068	-6062.062	172.9941	0.9835162	0.2346904	5.95108
3876	-5893.678	-6066.37	172.6923	0.9627304	0.2346904	6.12692
3882	-5892.295	-6064.568	172.2731	1.063311	0.2319504	6.304253
3888	-5890.658	-6063.537	172.879	1.043556	0.2623158	5.941534
3894	-5890.002	-6062.521	172.5188	1.043556	0.2352114	6.176571
3900	-5882.921	-6056.351	173.4299	1.0599	0.2767479	5.611337
3906	-5886.034	-6058.775	172.7412	1.051005	0.260718	6.0149
3912	-5892.958	-6066.562	173.6036	1.042571	0.2105834	5.622179
3918	-5888.171	-6061.689	173.5177	1.042571	0.2414823	5.622179
3924	-5895.554	-6069.827	174.2729	1.035953	0.2701682	5.168877
3930	-5894.76	-6067.274	172.5137	0.9710148	0.3006146	6.129519
3936	-5899.674	-6073.92	174.246	1.154732	0.2260471	5.182238
3942	-5882.581	-6055.296	172.7149	0.9115051	0.2623717	6.102952
3948	-5883.913	-6055.733	171.8207	0.969379	0.2683529	6.548857
3954	-5883.498	-6056.644	173.1461	0.9154385	0.2842406	5.835964
3960	-5900.829	-6074.563	173.7346	1.056556	0.2600093	5.468743
3966	-5893.87	-6066.687	172.8168	1.056556	0.2024207	6.057917
3972	-5884.688	-6057.194	172.5061	0.9760821	0.254869	6.191898
3978	-5881.94	-6055.125	173.1854	1.032959	0.2984067	5.731737
3984	-5885.93	-6059.662	173.7317	1.173072	0.2611224	5.404579
3990	-5880.084	-6055.299	175.2145	1.083599	0.2673378	4.621846
3996	-5887.557	-6062.833	175.2757	1.151018	0.3707905	4.418763
4002	-5886.334	-6060.203	173.869	1.096729	0.4117262	5.189607
4008	-5883.295	-6056.795	173.5006	1.096729	0.3814284	5.425407
4014	-5880.79	-6056.104	175.3139	1.106596	0.2883961	4.524238
4020	-5873.313	-6047.211	173.8985	1.050024	0.3032547	5.324133
4026	-5879.724	-6053.593	173.8696	1.022959	0.31964	5.33443
4032	-5876.2	-6051.743	175.543	1.099329	0.2804703	4.410055
4038	-5881.169	-6056.75	175.5809	1.16684	0.2392173	4.410055
4044	-5879.751	-6054.708	174.9566	1.16684	0.2483085	4.74696
4050	-5881.368	-6056.215	174.847	1.069168	0.3362003	4.746007
4056	-5873.646	-6046.508	172.8616	1.070156	0.309765	5.874194
4062	-5882.78	-6056.433	173.6525	1.055367	0.2152444	5.580931
4068	-5880.043	-6053.07	173.026	0.9677083	0.2192693	5.965626
4074	-5879.961	-6052.942	172.9812	1.013911	0.2172043	5.96804
4080	-5877.797	-6050.827	173.0302	0.9649186	0.2172043	5.96804
4086	-5872.626	-6046.668	174.0415	0.9780026	0.2795814	5.316015
4092	-5875.913	-6048.77	172.8565	0.9667803	0.2297689	6.042583
4098	-5881.999	-6055.319	173.32	0.9667803	0.2297689	5.789442
4104	-5882.804	-6055.584	172.7801	1.052294	0.2551821	6.000693
4110	-5891.474	-6063.566	172.0917	1.053863	0.2551821	6.374337
4116	-5884.419	-6056.641	172.2224	1.035974	0.2223332	6.361067
4122	-5886.779	-6060.285	173.5065	1.043799	0.2223332	5.656398
4128	-5886.764	-6060.437	173.6729	1.041086	0.3449992	5.402421
4134	-5880.658	-6053.492	172.8341	1.011954	0.2409086	6.013736
4140	-5867.347	-6041.249	173.9012	1.062223	0.2664275	5.364854
4146	-5879.184	-6053.377	174.1926	1.062223	0.2845783	5.179258
4152	-5904.118	-6077.459	173.3409	0.9456146	0.2198457	5.804733
4158	-5911.291	-6084.318	173.0269	1.06612	0.2950027	5.804733
4164	-5879.827	-6055.973	176.1465	1.163194	0.2242994	4.114881
4170	-5877.67	-6052.571	174.9012	1.134049	0.2067239	4.860514
4176	-5889.231	-6064.08	174.8488	1.144729	0.2788545	4.776327
4182	-5871.951	-6044.339	172.3878	1.029587	0.2287147	6.265094
4188	-5869.213	-6043.4	174.1874	1.120782	0.2398447	5.212583
4194	-5869.682	-6043.81	174.1284	1.070009	0.2072186	5.323703
4200	-5881.038	-6054.316	173.2781	1.057928	0.2595297	5.719319
4206	-5882.441	-6056.655	174.2143	1.102175	0.1903294	5.286514
4212	-5881.236	-6055.316	174.0803	1.0765	0.2464737	5.286514
4218	-5881.07	-6055.861	174.7907	1.157776	0.2052226	4.911252
4224	-5883.734	-6057.847	174.1132	1.157776	0.2524306	5.214824
4230	-5884.915	-6058.848	173.9336	1.066225	0.2532672	5.363333
4236	-5881.115	-6055.151	174.0355	1.057105	0.2190057	5.363333
4242	-5887.395	-6058.982	171.5877	0.9474112	0.3392782	6.597905
4248	-5893.534	-6065.018	171.4843	0.8966503	0.2688093	6.769413
4254	-5895.481	-6069.461	173.9799	1.025594	0.2198715	5.410031
4260	-5892.23	-6065.988	173.7574	1.078595	0.2849126	5.410031
4266	-5889.555	-6063.525	173.97	1.032471	0.2790211	5.326162
4272	-5894.234	-6068.22	173.986	1.119513	0.238775	5.326162
4278	-5885.527	-6059.564	174.0374	1.068107	0.238775	5.326162
4284	-5882.975	-6056.782	173.8072	1.049795	0.2482165	5.449258
4290	-5879.829	-6053.278	173.449	1.044845	0.2482165	5.648841
4296	-5887.501	-6062.638	175.1365	1.197901	0.2446092	4.634315
4302	-5877.216	-6049.717	172.5007	0.9719912	0.2433641	6.213473
4308	-5878.751	-6052.243	173.4923	0.9719912	0.2691176	5.635712
4314	-5876.091	-6049.683	173.5925	0.9863614	0.3038448	5.526997
4320	-5879.737	-6052.664	172.927	1.003503	0.28155	5.911166
4326	-5890.99	-6063.974	172.9844	0.994584	0.2620218	5.911166
4332	-5896.961	-6069.411	172.45	1.018612	0.3016595	6.136988
4338	-5901.312	-6074.901	173.588	0.9675707	0.3190861	5.520713
4344	-5900.047	-6072.002	171.9558	0.9163899	0.2684796	6.504231
4350	-5883.027	-6054.331	171.3036	0.9481031	0.2684796	6.839615
4356	-5872.718	-6045.251	172.5335	0.9572417	0.2663567	6.171345
4362	-5882.762	-6054.983	172.2211	0.9276592	0.2041119	6.448968
4368	-5887.311	-6058.768	171.457	0.9359426	0.2467272	6.793505
4374	-5881.099	-6053.278	172.1794	0.9263353	0.3028311	6.332785
4380	-5877.31	-6050.737	173.4265	0.9931945	0.2334447	5.711174
4386	-5877.268	-6051.587	174.3187	1.012918	0.2544025	5.178426
4392	-5877.643	-6051.997	174.3534	1.032384	0.2339662	5.178426
4398	-5884.369	-6058.625	174.2565	0.9876413	0.3123046	5.149252
4404	-5886.914	-6060.584	173.6705	1.022097	0.227265	5.570725
4410	-5891.973	-6064.391	172.4182	1.012159	0.2991204	6.161049
4416	-5897.455	-6069.09	171.6355	0.9005913	0.2461906	6.716962
4422	-5895.904	-6069.113	173.2081	1.027719	0.2117372	5.845132
4428	-5891.822	-6065.57	173.7481	1.107219	0.2375479	5.465835
4434	-5881.597	-6055.249	173.6522	0.9862075	0.2117215	5.624647
4440	-5889.713	-6062.296	172.5822	1.003868	0.2406964	6.155658
4446	-5890.338	-6060.398	170.0596	0.948798	0.1991589	7.609233
4452	-5872.954	-6046.715	173.7612	1.067151	0.2278799	5.495191
4458	-5876.164	-6050.546	174.3821	1.084578	0.2401055	5.12447
4464	-5892.093	-6067.087	174.9937	1.065726	0.2097027	4.842143
4470	-5880.477	-6055.533	175.0564	1.185492	0.2222491	4.720281
4476	-5885.464	-6059.183	173.7186	1.092957	0.2764928	5.434782
4482	-5883.307	-6056.102	172.7948	0.9910678	0.2827395	5.98853
4488	-5894.087	-6068.884	174.797	1.098142	0.21585	4.923794
4494	-5896.559	-6070.17	173.6107	1.074202	0.2312442	5.568978
4500	-5889.155	-6064.531	175.3754	1.197565	0.1553789	4.650983
4506	-5882.201	-6057.394	175.1935	1.097344	0.2498743	4.650983
4512	-5877.403	-6051.542	174.1394	1.106577	0.2333341	5.256726
4518	-5883.58	-6056.846	173.2659	1.115047	0.2473718	5.711976
4524	-5882.046	-6055.177	173.1308	1.035442	0.2276896	5.858529
4530	-5881.884	-6054.956	173.0716	1.069912	0.2623718	5.821828
4536	-5886.188	-6059.186	172.9976	1.110676	0.3568953	5.721433
4542	-5871.438	-6045.261	173.8234	1.083936	0.2635592	5.399759
4548	-5871.053	-6044.289	173.2367	1.083936	0.2274143	5.774461
4554	-5869.081	-6040.704	171.6234	0.9406203	0.2642105	6.676759
4560	-5874.948	-6047.673	172.7248	0.9086932	0.2309449	6.144208
4566	-5865.72	-6038.29	172.5704	1.007248	0.2046656	6.215274
4572	-5874.392	-6048.488	174.0963	1.007248	0.2127849	5.367097
4578	-5869.813	-6043.202	173.3887	1.000076	0.2730352	5.671786
4584	-5866.569	-6040.084	173.5151	1.034281	0.265001	5.594684
4590	-5868.499	-6042.076	173.5773	1.101409	0.2717955	5.514251
4596	-5872.142	-6044.616	172.4739	1.052519	0.2105191	6.23378
4602	-5881.005	-6054.232	173.2264	1.04902	0.3082351	5.688033
4608	-5869.701	-6041.59	171.8889	0.98776	0.2666712	6.504227
4614	-5870.127	-6043.099	172.9723	1.041851	0.2244286	5.946575
4620	-5876.173	-6051.097	174.924	1.180455	0.2173401	4.804818
4626	-5882.428	-6056.986	174.558	1.138727	0.2604712	4.967246
4632	-5879.152	-6053.972	174.8193	1.180186	0.2751672	4.778049
4638	-5869.131	-6043.719	174.5877	1.132264	0.2305508	4.998296
4644	-5873.985	-6047.269	173.2839	0.9926681	0.2762333	5.728948
4650	-5869.563	-6042.7	173.1363	1.011367	0.2762333	5.799535
4656	-5882.824	-6057.032	174.208	1.012988	0.261561	5.229471
4662	-5871.881	-6046.438	174.557	1.137427	0.261561	4.967019
4668	-5870.075	-6044.113	174.0379	1.105819	0.2732733	5.25596
4674	-5873.134	-6047.244	174.1093	1.123324	0.2387553	5.25596
4680	-5880.237	-6054.876	174.6388	1.065947	0.2717593	4.947014
4686	-5878.128	-6051.161	173.0322	1.031419	0.260004	5.867729
4692	-5889.217	-6062.061	172.8446	0.9908131	0.2775564	5.968366
4698	-5891.343	-6064.106	172.7627	0.9877211	0.1890218	6.146908
4704	-5883.717	-6056.403	172.6866	0.9703243	0.2480378	6.106495
4710	-5900.269	-6072.939	172.6695	1.012542	0.2495107	6.090697
4716	-5898.904	-6071.251	172.3465	0.9984917	0.3142079	6.188632
4722	-5896.694	-6069.185	172.4913	0.9053302	0.2796743	6.204583
4728	-5891.649	-6063.827	172.1787	1.000869	0.3272632	6.262701
4734	-5878.342	-6051.236	172.8936	1.000869	0.2181146	6.021578
4740	-5883.307	-6056.469	173.1623	1.000869	0.2852693	5.779045
4746	-5897.065	-6070.041	172.9758	0.9852177	0.2586923	5.925579
4752	-5881.835	-6055.245	173.4101	0.9670101	0.2486858	5.712163
4758	-5892.407	-6065.493	173.0856	0.9776037	0.2486858	5.883928
4764	-5890.31	-6062.301	171.9917	1.033754	0.1801509	6.555475
4770	-5898.137	-6071.788	173.6513	1.023054	0.2574374	5.536602
4776	-5891.666	-6066.186	174.5202	1.093791	0.2485688	5.030324
4782	-5871.713	-6045.006	173.2934	1.044416	0.3111682	5.65012
4788	-5875.967	-6050.542	174.5747	1.077304	0.2812171	4.963468
4794	-5874.137	-6048.902	174.7652	1.151079	0.1849158	4.963468
4800	-5880.158	-6055.265	175.1069	1.141535	0.25968	4.660575
4806	-5885.883	-6059.266	173.3831	1.013316	0.2706805	5.670823
4812	-5896.549	-6070.738	174.1889	1.058285	0.2991135	5.164369
4818	-5886.966	-6060.344	173.3777	1.058285	0.2618942	5.661191
4824	-5883.605	-6057.921	174.3167	1.118661	0.2618942	5.11033
4830	-5887.939	-6060.372	172.4328	1.023342	0.4157973	6.014312
4836	-5878.759	-6053.465	174.7066	1.090707	0.2323332	4.952588
4842	-5879.892	-6055.03	175.138	1.090707	0.2572392	4.675122
4848	-5889.503	-6064.703	175.2	1.129554	0.2197764	4.675122
4854	-5882.233	-6057.418	175.1853	1.202012	0.1999114	4.675122
4860	-5883.379	-6056.518	173.1397	0.9797106	0.2473998	5.855063
4866	-5888.122	-6061.51	173.3884	1.01097	0.2389292	5.714152
4872	-5876.302	-6050.391	174.0887	1.001303	0.2944726	5.257369
4878	-5869.827	-6043.661	173.834	0.9329826	0.2222444	5.537547
4884	-5868.287	-6042.251	173.9643	1.110103	0.2791009	5.286356
4890	-5878.218	-6052.69	174.4724	1.110918	0.2642202	5.024997
4896	-5875.778	-6050.193	174.4155	1.157742	0.2682249	5.024997
4902	-5873.535	-6047.285	173.7504	1.074553	0.2542519	5.458268
4908	-5878.052	-6051.665	173.6129	1.043008	0.2595654	5.543716
4914	-5881.638	-6054.932	173.294	1.010654	0.2595654	5.736437
4920	-5887.348	-6060.627	173.2797	1.12214	0.2231905	5.736437
4926	-5881.696	-6055.163	173.4667	1.123439	0.241475	5.605798
4932	-5888.538	-6062.573	174.035	1.093299	0.2594076	5.283701
4938	-5888.755	-6062.895	174.1396	1.041285	0.2393459	5.283701
4944	-5883.911	-6059.369	175.4581	1.117038	0.2427867	4.501883
4950	-5872.766	-6046.461	173.6949	1.055206	0.2845668	5.45781
4956	-5880.245	-6053.367	173.1219	1.003832	0.2405803	5.861494
4962	-5883.304	-6056.355	173.0514	0.9863859	0.2748547	5.861494
4968	-5887.949	-6060.604	172.6543	0.9886834	0.2704261	6.082907
4974	-5883.615	-6058.456	174.8409	1.138333	0.2360707	4.845646
4980	-5891.082	-6065.947	174.865	1.147737	0.2238791	4.845646
4986	-5883.155	-6057.078	173.9222	1.147737	0.2078882	5.393489
4992	-5879.243	-6051.954	172.7117	0.9844984	0.3006578	6.014266
4998	-5882.921	-6055.566	172.6447	0.9663242	0.2545794	6.122178
5004	-5881.312	-6054.321	173.0089	0.9748286	0.2723607	5.894381
5010	-5877.323	-6049.348	172.0251	1.010798	0.2340735	6.464148
5016	-5872.727	-6046.252	173.5253	1.091193	0.3225366	5.483013
5022	-5879.158	-6054.065	174.9071	1.148033	0.2648078	4.761406
5028	-5875.212	-6047.757	172.5452	0.9883922	0.2041854	6.239943
5034	-5872.609	-6044.604	171.9955	0.9299337	0.2882266	6.449213
5040	-5878.503	-6049.701	171.1981	0.91538	0.2882266	6.888109
5046	-5888.493	-6061.872	173.3792	0.96107	0.2525231	5.726858
5052	-5885.368	-6058.473	173.1049	0.8960791	0.2525231	5.912475
5058	-5870.525	-6043.687	173.162	1.034487	0.2888755	5.756071
5064	-5873.371	-6046.003	172.6321	1.030016	0.2180012	6.148319
5070	-5871.182	-6043.529	172.347	1.01209	0.3414303	6.148319
5076	-5876.795	-6050.42	173.6247	1.021022	0.3414303	5.444188
5082	-5873.925	-6047.956	174.0308	1.061489	0.2738259	5.283601
5088	-5884.692	-6058.588	173.8961	1.051029	0.2463087	5.402386
5094	-5891.413	-6065.651	174.2378	1.022537	0.2758417	5.187974
5100	-5879.835	-6053.169	173.3337	1.058584	0.2285935	5.733471
5106	-5887.731	-6060.283	172.5521	0.9668679	0.2491721	6.17995
5112	-5882.066	-6055.113	173.0469	0.987215	0.259437	5.884629
5118	-5881.066	-6054.056	172.9904	1.037389	0.2689776	5.874904
5124	-5886.056	-6060.52	174.4645	1.071166	0.2776257	5.032932
5130	-5883.088	-6057.005	173.9178	1.06963	0.3299174	5.269545
5136	-5882.623	-6054.903	172.2801	0.9501015	0.2404637	6.349406
5142	-5901.99	-6074.555	172.5651	1.063994	0.2755853	6.083525
5148	-5897.829	-6070.755	172.9266	1.010078	0.2332863	5.975503
5154	-5889.325	-6061.548	172.2224	0.9715091	0.2187732	6.401482
5160	-5884.209	-6056.959	172.7496	0.9740213	0.2801513	6.025901
5166	-5881.499	-6055.077	173.5776	1.057986	0.1940831	5.654854
5172	-5880.634	-6053.109	172.4749	1.044718	0.2130276	6.233574
5178	-5878.599	-6052.897	174.2986	1.101653	0.2075697	5.211649
5184	-5875.603	-6049.791	174.1886	1.126035	0.2173532	5.243383
5190	-5882.315	-6055.428	173.1128	1.026564	0.2159681	5.89124
5196	-5884.675	-6058.791	174.1162	1.078579	0.2976084	5.195316
5202	-5887.177	-6059.634	172.4575	0.9159454	0.1950361	6.341815
5208	-5886.333	-6057.897	171.564	0.9199561	0.2742986	6.706391
5214	-5886.192	-6057.583	171.3903	0.9168458	0.2762172	6.799347
5220	-5882.899	-6054.983	172.0843	0.9780551	0.2380116	6.444019
5226	-5888.396	-6060.471	172.0745	0.936314	0.2576071	6.444019
5232	-5884.429	-6057.365	172.9363	0.9300236	0.2743369	5.955811
5238	-5874.415	-6048.599	174.1844	1.100934	0.2636842	5.190926
5244	-5873.256	-6046.548	173.2911	1.054508	0.279233	5.687102
5250	-5877.582	-6050.606	173.0235	0.9167827	0.2652728	5.927795
5256	-5876.569	-6049.352	172.7828	0.952643	0.2830763	6.015605
5262	-5886.24	-6058.514	172.2741	0.952643	0.2327019	6.362673
5268	-5896.47	-6067.981	171.5105	0.8876933	0.1952197	6.869124
5274	-5907.96	-6079.476	171.5156	0.9026269	0.1886566	6.869124
5280	-5893.388	-6066.64	173.2521	1.009236	0.2777152	5.735293
5286	-5899.646	-6071.863	172.2171	0.9227941	0.2874154	6.333916
5292	-5906.593	-6078.934	172.3408	1.009265	0.2247401	6.307659
5298	-5903.801	-6075.616	171.8147	0.9565764	0.2763763	6.548238
5304	-5902.429	-6073.354	170.9253	0.9133333	0.249071	7.088869
5310	-5915.131	-6087.153	172.0223	0.9198753	0.2536034	6.486824
